Vivado Simulator v2025.1.0
Copyright 1986-2022 Xilinx, Inc. All Rights Reserved.
Copyright 2022-2025 Advanced Micro Devices, Inc. All Rights Reserved.
Running: C:/Xilinx/2025.1/Vivado/bin/unwrapped/win64.o/xelab.exe --incr --debug typical --relax --mt 2 -L xil_defaultlib -L secureip --snapshot lu_behav xil_defaultlib.lu -log elaborate.log 
Using 2 slave threads.
Starting static elaboration
Completed static elaboration
Starting simulation data flow analysis
Completed simulation data flow analysis
Time Resolution for simulation is 1ps
Compiling package std.standard
Compiling package std.textio
Compiling package ieee.std_logic_1164
Compiling package ieee.numeric_std
Compiling package xil_defaultlib.lu_pkg
Compiling architecture rtl of entity xil_defaultlib.fixed_div [\fixed_div(w=11)\]
Compiling architecture rtl of entity xil_defaultlib.Div_cell [div_cell_default]
Compiling architecture rtl of entity xil_defaultlib.R_cell [r_cell_default]
Compiling architecture rtl of entity xil_defaultlib.M_cell [m_cell_default]
Compiling architecture rtl of entity xil_defaultlib.MA_cell [ma_cell_default]
Compiling architecture struct of entity xil_defaultlib.lu_array4x4 [\lu_array4x4(n=4)\]
Compiling architecture rtl of entity xil_defaultlib.lu
Built simulation snapshot lu_behav
