Time resolution is 1 ps
Note: [cyc=1] reset='1'
Time: 100 ps  Iteration: 0  Process: /lu/monitor  File: D:/Materials/Study/HLS/kung_lu_decom/kung_lu_decom.srcs/sim_1/new/lu_tb.vhd
Note: a(0)=0
Time: 100 ps  Iteration: 0  Process: /lu/monitor  File: D:/Materials/Study/HLS/kung_lu_decom/kung_lu_decom.srcs/sim_1/new/lu_tb.vhd
Note: a(1)=0
Time: 100 ps  Iteration: 0  Process: /lu/monitor  File: D:/Materials/Study/HLS/kung_lu_decom/kung_lu_decom.srcs/sim_1/new/lu_tb.vhd
Note: a(2)=0
Time: 100 ps  Iteration: 0  Process: /lu/monitor  File: D:/Materials/Study/HLS/kung_lu_decom/kung_lu_decom.srcs/sim_1/new/lu_tb.vhd
Note: a(3)=0
Time: 100 ps  Iteration: 0  Process: /lu/monitor  File: D:/Materials/Study/HLS/kung_lu_decom/kung_lu_decom.srcs/sim_1/new/lu_tb.vhd
Note: a(4)=0
Time: 100 ps  Iteration: 0  Process: /lu/monitor  File: D:/Materials/Study/HLS/kung_lu_decom/kung_lu_decom.srcs/sim_1/new/lu_tb.vhd
Note: a(5)=0
Time: 100 ps  Iteration: 0  Process: /lu/monitor  File: D:/Materials/Study/HLS/kung_lu_decom/kung_lu_decom.srcs/sim_1/new/lu_tb.vhd
Note: a(6)=0
Time: 100 ps  Iteration: 0  Process: /lu/monitor  File: D:/Materials/Study/HLS/kung_lu_decom/kung_lu_decom.srcs/sim_1/new/lu_tb.vhd
Note: outputs L(1)=0
Time: 100 ps  Iteration: 0  Process: /lu/monitor  File: D:/Materials/Study/HLS/kung_lu_decom/kung_lu_decom.srcs/sim_1/new/lu_tb.vhd
Note: outputs L(2)=0
Time: 100 ps  Iteration: 0  Process: /lu/monitor  File: D:/Materials/Study/HLS/kung_lu_decom/kung_lu_decom.srcs/sim_1/new/lu_tb.vhd
Note: outputs L(3)=0
Time: 100 ps  Iteration: 0  Process: /lu/monitor  File: D:/Materials/Study/HLS/kung_lu_decom/kung_lu_decom.srcs/sim_1/new/lu_tb.vhd
Note: outputs U(0)=0
Time: 100 ps  Iteration: 0  Process: /lu/monitor  File: D:/Materials/Study/HLS/kung_lu_decom/kung_lu_decom.srcs/sim_1/new/lu_tb.vhd
Note: outputs U(1)=0
Time: 100 ps  Iteration: 0  Process: /lu/monitor  File: D:/Materials/Study/HLS/kung_lu_decom/kung_lu_decom.srcs/sim_1/new/lu_tb.vhd
Note: outputs U(2)=0
Time: 100 ps  Iteration: 0  Process: /lu/monitor  File: D:/Materials/Study/HLS/kung_lu_decom/kung_lu_decom.srcs/sim_1/new/lu_tb.vhd
Note: outputs U(3)=0
Time: 100 ps  Iteration: 0  Process: /lu/monitor  File: D:/Materials/Study/HLS/kung_lu_decom/kung_lu_decom.srcs/sim_1/new/lu_tb.vhd
Note: ps(0,0)=0
Time: 100 ps  Iteration: 0  Process: /lu/monitor  File: D:/Materials/Study/HLS/kung_lu_decom/kung_lu_decom.srcs/sim_1/new/lu_tb.vhd
Note: ps(0,1)=0
Time: 100 ps  Iteration: 0  Process: /lu/monitor  File: D:/Materials/Study/HLS/kung_lu_decom/kung_lu_decom.srcs/sim_1/new/lu_tb.vhd
Note: ps(0,2)=0
Time: 100 ps  Iteration: 0  Process: /lu/monitor  File: D:/Materials/Study/HLS/kung_lu_decom/kung_lu_decom.srcs/sim_1/new/lu_tb.vhd
Note: ps(0,3)=0
Time: 100 ps  Iteration: 0  Process: /lu/monitor  File: D:/Materials/Study/HLS/kung_lu_decom/kung_lu_decom.srcs/sim_1/new/lu_tb.vhd
Note: ps(1,0)=0
Time: 100 ps  Iteration: 0  Process: /lu/monitor  File: D:/Materials/Study/HLS/kung_lu_decom/kung_lu_decom.srcs/sim_1/new/lu_tb.vhd
Note: ps(1,1)=0
Time: 100 ps  Iteration: 0  Process: /lu/monitor  File: D:/Materials/Study/HLS/kung_lu_decom/kung_lu_decom.srcs/sim_1/new/lu_tb.vhd
Note: ps(1,2)=0
Time: 100 ps  Iteration: 0  Process: /lu/monitor  File: D:/Materials/Study/HLS/kung_lu_decom/kung_lu_decom.srcs/sim_1/new/lu_tb.vhd
Note: ps(1,3)=0
Time: 100 ps  Iteration: 0  Process: /lu/monitor  File: D:/Materials/Study/HLS/kung_lu_decom/kung_lu_decom.srcs/sim_1/new/lu_tb.vhd
Note: ps(2,0)=0
Time: 100 ps  Iteration: 0  Process: /lu/monitor  File: D:/Materials/Study/HLS/kung_lu_decom/kung_lu_decom.srcs/sim_1/new/lu_tb.vhd
Note: ps(2,1)=0
Time: 100 ps  Iteration: 0  Process: /lu/monitor  File: D:/Materials/Study/HLS/kung_lu_decom/kung_lu_decom.srcs/sim_1/new/lu_tb.vhd
Note: ps(2,2)=0
Time: 100 ps  Iteration: 0  Process: /lu/monitor  File: D:/Materials/Study/HLS/kung_lu_decom/kung_lu_decom.srcs/sim_1/new/lu_tb.vhd
Note: ps(2,3)=0
Time: 100 ps  Iteration: 0  Process: /lu/monitor  File: D:/Materials/Study/HLS/kung_lu_decom/kung_lu_decom.srcs/sim_1/new/lu_tb.vhd
Note: ps(3,0)=0
Time: 100 ps  Iteration: 0  Process: /lu/monitor  File: D:/Materials/Study/HLS/kung_lu_decom/kung_lu_decom.srcs/sim_1/new/lu_tb.vhd
Note: ps(3,1)=0
Time: 100 ps  Iteration: 0  Process: /lu/monitor  File: D:/Materials/Study/HLS/kung_lu_decom/kung_lu_decom.srcs/sim_1/new/lu_tb.vhd
Note: ps(3,2)=0
Time: 100 ps  Iteration: 0  Process: /lu/monitor  File: D:/Materials/Study/HLS/kung_lu_decom/kung_lu_decom.srcs/sim_1/new/lu_tb.vhd
Note: ps(3,3)=0
Time: 100 ps  Iteration: 0  Process: /lu/monitor  File: D:/Materials/Study/HLS/kung_lu_decom/kung_lu_decom.srcs/sim_1/new/lu_tb.vhd
Note: [cyc=2] reset='0'
Time: 200 ps  Iteration: 0  Process: /lu/monitor  File: D:/Materials/Study/HLS/kung_lu_decom/kung_lu_decom.srcs/sim_1/new/lu_tb.vhd
Note: a(0)=0
Time: 200 ps  Iteration: 0  Process: /lu/monitor  File: D:/Materials/Study/HLS/kung_lu_decom/kung_lu_decom.srcs/sim_1/new/lu_tb.vhd
Note: a(1)=0
Time: 200 ps  Iteration: 0  Process: /lu/monitor  File: D:/Materials/Study/HLS/kung_lu_decom/kung_lu_decom.srcs/sim_1/new/lu_tb.vhd
Note: a(2)=0
Time: 200 ps  Iteration: 0  Process: /lu/monitor  File: D:/Materials/Study/HLS/kung_lu_decom/kung_lu_decom.srcs/sim_1/new/lu_tb.vhd
Note: a(3)=64
Time: 200 ps  Iteration: 0  Process: /lu/monitor  File: D:/Materials/Study/HLS/kung_lu_decom/kung_lu_decom.srcs/sim_1/new/lu_tb.vhd
Note: a(4)=0
Time: 200 ps  Iteration: 0  Process: /lu/monitor  File: D:/Materials/Study/HLS/kung_lu_decom/kung_lu_decom.srcs/sim_1/new/lu_tb.vhd
Note: a(5)=0
Time: 200 ps  Iteration: 0  Process: /lu/monitor  File: D:/Materials/Study/HLS/kung_lu_decom/kung_lu_decom.srcs/sim_1/new/lu_tb.vhd
Note: a(6)=0
Time: 200 ps  Iteration: 0  Process: /lu/monitor  File: D:/Materials/Study/HLS/kung_lu_decom/kung_lu_decom.srcs/sim_1/new/lu_tb.vhd
Note: outputs L(1)=0
Time: 200 ps  Iteration: 0  Process: /lu/monitor  File: D:/Materials/Study/HLS/kung_lu_decom/kung_lu_decom.srcs/sim_1/new/lu_tb.vhd
Note: outputs L(2)=0
Time: 200 ps  Iteration: 0  Process: /lu/monitor  File: D:/Materials/Study/HLS/kung_lu_decom/kung_lu_decom.srcs/sim_1/new/lu_tb.vhd
Note: outputs L(3)=0
Time: 200 ps  Iteration: 0  Process: /lu/monitor  File: D:/Materials/Study/HLS/kung_lu_decom/kung_lu_decom.srcs/sim_1/new/lu_tb.vhd
Note: outputs U(0)=0
Time: 200 ps  Iteration: 0  Process: /lu/monitor  File: D:/Materials/Study/HLS/kung_lu_decom/kung_lu_decom.srcs/sim_1/new/lu_tb.vhd
Note: outputs U(1)=0
Time: 200 ps  Iteration: 0  Process: /lu/monitor  File: D:/Materials/Study/HLS/kung_lu_decom/kung_lu_decom.srcs/sim_1/new/lu_tb.vhd
Note: outputs U(2)=0
Time: 200 ps  Iteration: 0  Process: /lu/monitor  File: D:/Materials/Study/HLS/kung_lu_decom/kung_lu_decom.srcs/sim_1/new/lu_tb.vhd
Note: outputs U(3)=0
Time: 200 ps  Iteration: 0  Process: /lu/monitor  File: D:/Materials/Study/HLS/kung_lu_decom/kung_lu_decom.srcs/sim_1/new/lu_tb.vhd
Note: ps(0,0)=0
Time: 200 ps  Iteration: 0  Process: /lu/monitor  File: D:/Materials/Study/HLS/kung_lu_decom/kung_lu_decom.srcs/sim_1/new/lu_tb.vhd
Note: ps(0,1)=0
Time: 200 ps  Iteration: 0  Process: /lu/monitor  File: D:/Materials/Study/HLS/kung_lu_decom/kung_lu_decom.srcs/sim_1/new/lu_tb.vhd
Note: ps(0,2)=0
Time: 200 ps  Iteration: 0  Process: /lu/monitor  File: D:/Materials/Study/HLS/kung_lu_decom/kung_lu_decom.srcs/sim_1/new/lu_tb.vhd
Note: ps(0,3)=0
Time: 200 ps  Iteration: 0  Process: /lu/monitor  File: D:/Materials/Study/HLS/kung_lu_decom/kung_lu_decom.srcs/sim_1/new/lu_tb.vhd
Note: ps(1,0)=0
Time: 200 ps  Iteration: 0  Process: /lu/monitor  File: D:/Materials/Study/HLS/kung_lu_decom/kung_lu_decom.srcs/sim_1/new/lu_tb.vhd
Note: ps(1,1)=0
Time: 200 ps  Iteration: 0  Process: /lu/monitor  File: D:/Materials/Study/HLS/kung_lu_decom/kung_lu_decom.srcs/sim_1/new/lu_tb.vhd
Note: ps(1,2)=0
Time: 200 ps  Iteration: 0  Process: /lu/monitor  File: D:/Materials/Study/HLS/kung_lu_decom/kung_lu_decom.srcs/sim_1/new/lu_tb.vhd
Note: ps(1,3)=0
Time: 200 ps  Iteration: 0  Process: /lu/monitor  File: D:/Materials/Study/HLS/kung_lu_decom/kung_lu_decom.srcs/sim_1/new/lu_tb.vhd
Note: ps(2,0)=0
Time: 200 ps  Iteration: 0  Process: /lu/monitor  File: D:/Materials/Study/HLS/kung_lu_decom/kung_lu_decom.srcs/sim_1/new/lu_tb.vhd
Note: ps(2,1)=0
Time: 200 ps  Iteration: 0  Process: /lu/monitor  File: D:/Materials/Study/HLS/kung_lu_decom/kung_lu_decom.srcs/sim_1/new/lu_tb.vhd
Note: ps(2,2)=0
Time: 200 ps  Iteration: 0  Process: /lu/monitor  File: D:/Materials/Study/HLS/kung_lu_decom/kung_lu_decom.srcs/sim_1/new/lu_tb.vhd
Note: ps(2,3)=0
Time: 200 ps  Iteration: 0  Process: /lu/monitor  File: D:/Materials/Study/HLS/kung_lu_decom/kung_lu_decom.srcs/sim_1/new/lu_tb.vhd
Note: ps(3,0)=0
Time: 200 ps  Iteration: 0  Process: /lu/monitor  File: D:/Materials/Study/HLS/kung_lu_decom/kung_lu_decom.srcs/sim_1/new/lu_tb.vhd
Note: ps(3,1)=0
Time: 200 ps  Iteration: 0  Process: /lu/monitor  File: D:/Materials/Study/HLS/kung_lu_decom/kung_lu_decom.srcs/sim_1/new/lu_tb.vhd
Note: ps(3,2)=0
Time: 200 ps  Iteration: 0  Process: /lu/monitor  File: D:/Materials/Study/HLS/kung_lu_decom/kung_lu_decom.srcs/sim_1/new/lu_tb.vhd
Note: ps(3,3)=64
Time: 200 ps  Iteration: 0  Process: /lu/monitor  File: D:/Materials/Study/HLS/kung_lu_decom/kung_lu_decom.srcs/sim_1/new/lu_tb.vhd
Note: [cyc=3] reset='0'
Time: 300 ps  Iteration: 0  Process: /lu/monitor  File: D:/Materials/Study/HLS/kung_lu_decom/kung_lu_decom.srcs/sim_1/new/lu_tb.vhd
Note: a(0)=0
Time: 300 ps  Iteration: 0  Process: /lu/monitor  File: D:/Materials/Study/HLS/kung_lu_decom/kung_lu_decom.srcs/sim_1/new/lu_tb.vhd
Note: a(1)=0
Time: 300 ps  Iteration: 0  Process: /lu/monitor  File: D:/Materials/Study/HLS/kung_lu_decom/kung_lu_decom.srcs/sim_1/new/lu_tb.vhd
Note: a(2)=0
Time: 300 ps  Iteration: 0  Process: /lu/monitor  File: D:/Materials/Study/HLS/kung_lu_decom/kung_lu_decom.srcs/sim_1/new/lu_tb.vhd
Note: a(3)=0
Time: 300 ps  Iteration: 0  Process: /lu/monitor  File: D:/Materials/Study/HLS/kung_lu_decom/kung_lu_decom.srcs/sim_1/new/lu_tb.vhd
Note: a(4)=0
Time: 300 ps  Iteration: 0  Process: /lu/monitor  File: D:/Materials/Study/HLS/kung_lu_decom/kung_lu_decom.srcs/sim_1/new/lu_tb.vhd
Note: a(5)=0
Time: 300 ps  Iteration: 0  Process: /lu/monitor  File: D:/Materials/Study/HLS/kung_lu_decom/kung_lu_decom.srcs/sim_1/new/lu_tb.vhd
Note: a(6)=0
Time: 300 ps  Iteration: 0  Process: /lu/monitor  File: D:/Materials/Study/HLS/kung_lu_decom/kung_lu_decom.srcs/sim_1/new/lu_tb.vhd
Note: outputs L(1)=0
Time: 300 ps  Iteration: 0  Process: /lu/monitor  File: D:/Materials/Study/HLS/kung_lu_decom/kung_lu_decom.srcs/sim_1/new/lu_tb.vhd
Note: outputs L(2)=0
Time: 300 ps  Iteration: 0  Process: /lu/monitor  File: D:/Materials/Study/HLS/kung_lu_decom/kung_lu_decom.srcs/sim_1/new/lu_tb.vhd
Note: outputs L(3)=0
Time: 300 ps  Iteration: 0  Process: /lu/monitor  File: D:/Materials/Study/HLS/kung_lu_decom/kung_lu_decom.srcs/sim_1/new/lu_tb.vhd
Note: outputs U(0)=0
Time: 300 ps  Iteration: 0  Process: /lu/monitor  File: D:/Materials/Study/HLS/kung_lu_decom/kung_lu_decom.srcs/sim_1/new/lu_tb.vhd
Note: outputs U(1)=0
Time: 300 ps  Iteration: 0  Process: /lu/monitor  File: D:/Materials/Study/HLS/kung_lu_decom/kung_lu_decom.srcs/sim_1/new/lu_tb.vhd
Note: outputs U(2)=0
Time: 300 ps  Iteration: 0  Process: /lu/monitor  File: D:/Materials/Study/HLS/kung_lu_decom/kung_lu_decom.srcs/sim_1/new/lu_tb.vhd
Note: outputs U(3)=0
Time: 300 ps  Iteration: 0  Process: /lu/monitor  File: D:/Materials/Study/HLS/kung_lu_decom/kung_lu_decom.srcs/sim_1/new/lu_tb.vhd
Note: ps(0,0)=0
Time: 300 ps  Iteration: 0  Process: /lu/monitor  File: D:/Materials/Study/HLS/kung_lu_decom/kung_lu_decom.srcs/sim_1/new/lu_tb.vhd
Note: ps(0,1)=0
Time: 300 ps  Iteration: 0  Process: /lu/monitor  File: D:/Materials/Study/HLS/kung_lu_decom/kung_lu_decom.srcs/sim_1/new/lu_tb.vhd
Note: ps(0,2)=0
Time: 300 ps  Iteration: 0  Process: /lu/monitor  File: D:/Materials/Study/HLS/kung_lu_decom/kung_lu_decom.srcs/sim_1/new/lu_tb.vhd
Note: ps(0,3)=0
Time: 300 ps  Iteration: 0  Process: /lu/monitor  File: D:/Materials/Study/HLS/kung_lu_decom/kung_lu_decom.srcs/sim_1/new/lu_tb.vhd
Note: ps(1,0)=0
Time: 300 ps  Iteration: 0  Process: /lu/monitor  File: D:/Materials/Study/HLS/kung_lu_decom/kung_lu_decom.srcs/sim_1/new/lu_tb.vhd
Note: ps(1,1)=0
Time: 300 ps  Iteration: 0  Process: /lu/monitor  File: D:/Materials/Study/HLS/kung_lu_decom/kung_lu_decom.srcs/sim_1/new/lu_tb.vhd
Note: ps(1,2)=0
Time: 300 ps  Iteration: 0  Process: /lu/monitor  File: D:/Materials/Study/HLS/kung_lu_decom/kung_lu_decom.srcs/sim_1/new/lu_tb.vhd
Note: ps(1,3)=0
Time: 300 ps  Iteration: 0  Process: /lu/monitor  File: D:/Materials/Study/HLS/kung_lu_decom/kung_lu_decom.srcs/sim_1/new/lu_tb.vhd
Note: ps(2,0)=0
Time: 300 ps  Iteration: 0  Process: /lu/monitor  File: D:/Materials/Study/HLS/kung_lu_decom/kung_lu_decom.srcs/sim_1/new/lu_tb.vhd
Note: ps(2,1)=0
Time: 300 ps  Iteration: 0  Process: /lu/monitor  File: D:/Materials/Study/HLS/kung_lu_decom/kung_lu_decom.srcs/sim_1/new/lu_tb.vhd
Note: ps(2,2)=64
Time: 300 ps  Iteration: 0  Process: /lu/monitor  File: D:/Materials/Study/HLS/kung_lu_decom/kung_lu_decom.srcs/sim_1/new/lu_tb.vhd
Note: ps(2,3)=0
Time: 300 ps  Iteration: 0  Process: /lu/monitor  File: D:/Materials/Study/HLS/kung_lu_decom/kung_lu_decom.srcs/sim_1/new/lu_tb.vhd
Note: ps(3,0)=0
Time: 300 ps  Iteration: 0  Process: /lu/monitor  File: D:/Materials/Study/HLS/kung_lu_decom/kung_lu_decom.srcs/sim_1/new/lu_tb.vhd
Note: ps(3,1)=0
Time: 300 ps  Iteration: 0  Process: /lu/monitor  File: D:/Materials/Study/HLS/kung_lu_decom/kung_lu_decom.srcs/sim_1/new/lu_tb.vhd
Note: ps(3,2)=0
Time: 300 ps  Iteration: 0  Process: /lu/monitor  File: D:/Materials/Study/HLS/kung_lu_decom/kung_lu_decom.srcs/sim_1/new/lu_tb.vhd
Note: ps(3,3)=0
Time: 300 ps  Iteration: 0  Process: /lu/monitor  File: D:/Materials/Study/HLS/kung_lu_decom/kung_lu_decom.srcs/sim_1/new/lu_tb.vhd
Note: [cyc=4] reset='0'
Time: 400 ps  Iteration: 0  Process: /lu/monitor  File: D:/Materials/Study/HLS/kung_lu_decom/kung_lu_decom.srcs/sim_1/new/lu_tb.vhd
Note: a(0)=0
Time: 400 ps  Iteration: 0  Process: /lu/monitor  File: D:/Materials/Study/HLS/kung_lu_decom/kung_lu_decom.srcs/sim_1/new/lu_tb.vhd
Note: a(1)=0
Time: 400 ps  Iteration: 0  Process: /lu/monitor  File: D:/Materials/Study/HLS/kung_lu_decom/kung_lu_decom.srcs/sim_1/new/lu_tb.vhd
Note: a(2)=128
Time: 400 ps  Iteration: 0  Process: /lu/monitor  File: D:/Materials/Study/HLS/kung_lu_decom/kung_lu_decom.srcs/sim_1/new/lu_tb.vhd
Note: a(3)=0
Time: 400 ps  Iteration: 0  Process: /lu/monitor  File: D:/Materials/Study/HLS/kung_lu_decom/kung_lu_decom.srcs/sim_1/new/lu_tb.vhd
Note: a(4)=32
Time: 400 ps  Iteration: 0  Process: /lu/monitor  File: D:/Materials/Study/HLS/kung_lu_decom/kung_lu_decom.srcs/sim_1/new/lu_tb.vhd
Note: a(5)=0
Time: 400 ps  Iteration: 0  Process: /lu/monitor  File: D:/Materials/Study/HLS/kung_lu_decom/kung_lu_decom.srcs/sim_1/new/lu_tb.vhd
Note: a(6)=0
Time: 400 ps  Iteration: 0  Process: /lu/monitor  File: D:/Materials/Study/HLS/kung_lu_decom/kung_lu_decom.srcs/sim_1/new/lu_tb.vhd
Note: outputs L(1)=64
Time: 400 ps  Iteration: 0  Process: /lu/monitor  File: D:/Materials/Study/HLS/kung_lu_decom/kung_lu_decom.srcs/sim_1/new/lu_tb.vhd
Note: outputs L(2)=0
Time: 400 ps  Iteration: 0  Process: /lu/monitor  File: D:/Materials/Study/HLS/kung_lu_decom/kung_lu_decom.srcs/sim_1/new/lu_tb.vhd
Note: outputs L(3)=0
Time: 400 ps  Iteration: 0  Process: /lu/monitor  File: D:/Materials/Study/HLS/kung_lu_decom/kung_lu_decom.srcs/sim_1/new/lu_tb.vhd
Note: outputs U(0)=0
Time: 400 ps  Iteration: 0  Process: /lu/monitor  File: D:/Materials/Study/HLS/kung_lu_decom/kung_lu_decom.srcs/sim_1/new/lu_tb.vhd
Note: outputs U(1)=0
Time: 400 ps  Iteration: 0  Process: /lu/monitor  File: D:/Materials/Study/HLS/kung_lu_decom/kung_lu_decom.srcs/sim_1/new/lu_tb.vhd
Note: outputs U(2)=0
Time: 400 ps  Iteration: 0  Process: /lu/monitor  File: D:/Materials/Study/HLS/kung_lu_decom/kung_lu_decom.srcs/sim_1/new/lu_tb.vhd
Note: outputs U(3)=0
Time: 400 ps  Iteration: 0  Process: /lu/monitor  File: D:/Materials/Study/HLS/kung_lu_decom/kung_lu_decom.srcs/sim_1/new/lu_tb.vhd
Note: ps(0,0)=0
Time: 400 ps  Iteration: 0  Process: /lu/monitor  File: D:/Materials/Study/HLS/kung_lu_decom/kung_lu_decom.srcs/sim_1/new/lu_tb.vhd
Note: ps(0,1)=0
Time: 400 ps  Iteration: 0  Process: /lu/monitor  File: D:/Materials/Study/HLS/kung_lu_decom/kung_lu_decom.srcs/sim_1/new/lu_tb.vhd
Note: ps(0,2)=0
Time: 400 ps  Iteration: 0  Process: /lu/monitor  File: D:/Materials/Study/HLS/kung_lu_decom/kung_lu_decom.srcs/sim_1/new/lu_tb.vhd
Note: ps(0,3)=0
Time: 400 ps  Iteration: 0  Process: /lu/monitor  File: D:/Materials/Study/HLS/kung_lu_decom/kung_lu_decom.srcs/sim_1/new/lu_tb.vhd
Note: ps(1,0)=0
Time: 400 ps  Iteration: 0  Process: /lu/monitor  File: D:/Materials/Study/HLS/kung_lu_decom/kung_lu_decom.srcs/sim_1/new/lu_tb.vhd
Note: ps(1,1)=64
Time: 400 ps  Iteration: 0  Process: /lu/monitor  File: D:/Materials/Study/HLS/kung_lu_decom/kung_lu_decom.srcs/sim_1/new/lu_tb.vhd
Note: ps(1,2)=0
Time: 400 ps  Iteration: 0  Process: /lu/monitor  File: D:/Materials/Study/HLS/kung_lu_decom/kung_lu_decom.srcs/sim_1/new/lu_tb.vhd
Note: ps(1,3)=0
Time: 400 ps  Iteration: 0  Process: /lu/monitor  File: D:/Materials/Study/HLS/kung_lu_decom/kung_lu_decom.srcs/sim_1/new/lu_tb.vhd
Note: ps(2,0)=0
Time: 400 ps  Iteration: 0  Process: /lu/monitor  File: D:/Materials/Study/HLS/kung_lu_decom/kung_lu_decom.srcs/sim_1/new/lu_tb.vhd
Note: ps(2,1)=0
Time: 400 ps  Iteration: 0  Process: /lu/monitor  File: D:/Materials/Study/HLS/kung_lu_decom/kung_lu_decom.srcs/sim_1/new/lu_tb.vhd
Note: ps(2,2)=0
Time: 400 ps  Iteration: 0  Process: /lu/monitor  File: D:/Materials/Study/HLS/kung_lu_decom/kung_lu_decom.srcs/sim_1/new/lu_tb.vhd
Note: ps(2,3)=32
Time: 400 ps  Iteration: 0  Process: /lu/monitor  File: D:/Materials/Study/HLS/kung_lu_decom/kung_lu_decom.srcs/sim_1/new/lu_tb.vhd
Note: ps(3,0)=0
Time: 400 ps  Iteration: 0  Process: /lu/monitor  File: D:/Materials/Study/HLS/kung_lu_decom/kung_lu_decom.srcs/sim_1/new/lu_tb.vhd
Note: ps(3,1)=0
Time: 400 ps  Iteration: 0  Process: /lu/monitor  File: D:/Materials/Study/HLS/kung_lu_decom/kung_lu_decom.srcs/sim_1/new/lu_tb.vhd
Note: ps(3,2)=128
Time: 400 ps  Iteration: 0  Process: /lu/monitor  File: D:/Materials/Study/HLS/kung_lu_decom/kung_lu_decom.srcs/sim_1/new/lu_tb.vhd
Note: ps(3,3)=0
Time: 400 ps  Iteration: 0  Process: /lu/monitor  File: D:/Materials/Study/HLS/kung_lu_decom/kung_lu_decom.srcs/sim_1/new/lu_tb.vhd
Note: [cyc=5] reset='0'
Time: 500 ps  Iteration: 0  Process: /lu/monitor  File: D:/Materials/Study/HLS/kung_lu_decom/kung_lu_decom.srcs/sim_1/new/lu_tb.vhd
Note: a(0)=0
Time: 500 ps  Iteration: 0  Process: /lu/monitor  File: D:/Materials/Study/HLS/kung_lu_decom/kung_lu_decom.srcs/sim_1/new/lu_tb.vhd
Note: a(1)=0
Time: 500 ps  Iteration: 0  Process: /lu/monitor  File: D:/Materials/Study/HLS/kung_lu_decom/kung_lu_decom.srcs/sim_1/new/lu_tb.vhd
Note: a(2)=0
Time: 500 ps  Iteration: 0  Process: /lu/monitor  File: D:/Materials/Study/HLS/kung_lu_decom/kung_lu_decom.srcs/sim_1/new/lu_tb.vhd
Note: a(3)=160
Time: 500 ps  Iteration: 0  Process: /lu/monitor  File: D:/Materials/Study/HLS/kung_lu_decom/kung_lu_decom.srcs/sim_1/new/lu_tb.vhd
Note: a(4)=0
Time: 500 ps  Iteration: 0  Process: /lu/monitor  File: D:/Materials/Study/HLS/kung_lu_decom/kung_lu_decom.srcs/sim_1/new/lu_tb.vhd
Note: a(5)=0
Time: 500 ps  Iteration: 0  Process: /lu/monitor  File: D:/Materials/Study/HLS/kung_lu_decom/kung_lu_decom.srcs/sim_1/new/lu_tb.vhd
Note: a(6)=0
Time: 500 ps  Iteration: 0  Process: /lu/monitor  File: D:/Materials/Study/HLS/kung_lu_decom/kung_lu_decom.srcs/sim_1/new/lu_tb.vhd
Note: outputs L(1)=0
Time: 500 ps  Iteration: 0  Process: /lu/monitor  File: D:/Materials/Study/HLS/kung_lu_decom/kung_lu_decom.srcs/sim_1/new/lu_tb.vhd
Note: outputs L(2)=128
Time: 500 ps  Iteration: 0  Process: /lu/monitor  File: D:/Materials/Study/HLS/kung_lu_decom/kung_lu_decom.srcs/sim_1/new/lu_tb.vhd
Note: outputs L(3)=0
Time: 500 ps  Iteration: 0  Process: /lu/monitor  File: D:/Materials/Study/HLS/kung_lu_decom/kung_lu_decom.srcs/sim_1/new/lu_tb.vhd
Note: outputs U(0)=64
Time: 500 ps  Iteration: 0  Process: /lu/monitor  File: D:/Materials/Study/HLS/kung_lu_decom/kung_lu_decom.srcs/sim_1/new/lu_tb.vhd
Note: outputs U(1)=0
Time: 500 ps  Iteration: 0  Process: /lu/monitor  File: D:/Materials/Study/HLS/kung_lu_decom/kung_lu_decom.srcs/sim_1/new/lu_tb.vhd
Note: outputs U(2)=0
Time: 500 ps  Iteration: 0  Process: /lu/monitor  File: D:/Materials/Study/HLS/kung_lu_decom/kung_lu_decom.srcs/sim_1/new/lu_tb.vhd
Note: outputs U(3)=0
Time: 500 ps  Iteration: 0  Process: /lu/monitor  File: D:/Materials/Study/HLS/kung_lu_decom/kung_lu_decom.srcs/sim_1/new/lu_tb.vhd
Note: ps(0,0)=64
Time: 500 ps  Iteration: 0  Process: /lu/monitor  File: D:/Materials/Study/HLS/kung_lu_decom/kung_lu_decom.srcs/sim_1/new/lu_tb.vhd
Note: ps(0,1)=0
Time: 500 ps  Iteration: 0  Process: /lu/monitor  File: D:/Materials/Study/HLS/kung_lu_decom/kung_lu_decom.srcs/sim_1/new/lu_tb.vhd
Note: ps(0,2)=0
Time: 500 ps  Iteration: 0  Process: /lu/monitor  File: D:/Materials/Study/HLS/kung_lu_decom/kung_lu_decom.srcs/sim_1/new/lu_tb.vhd
Note: ps(0,3)=0
Time: 500 ps  Iteration: 0  Process: /lu/monitor  File: D:/Materials/Study/HLS/kung_lu_decom/kung_lu_decom.srcs/sim_1/new/lu_tb.vhd
Note: ps(1,0)=0
Time: 500 ps  Iteration: 0  Process: /lu/monitor  File: D:/Materials/Study/HLS/kung_lu_decom/kung_lu_decom.srcs/sim_1/new/lu_tb.vhd
Note: ps(1,1)=0
Time: 500 ps  Iteration: 0  Process: /lu/monitor  File: D:/Materials/Study/HLS/kung_lu_decom/kung_lu_decom.srcs/sim_1/new/lu_tb.vhd
Note: ps(1,2)=32
Time: 500 ps  Iteration: 0  Process: /lu/monitor  File: D:/Materials/Study/HLS/kung_lu_decom/kung_lu_decom.srcs/sim_1/new/lu_tb.vhd
Note: ps(1,3)=0
Time: 500 ps  Iteration: 0  Process: /lu/monitor  File: D:/Materials/Study/HLS/kung_lu_decom/kung_lu_decom.srcs/sim_1/new/lu_tb.vhd
Note: ps(2,0)=0
Time: 500 ps  Iteration: 0  Process: /lu/monitor  File: D:/Materials/Study/HLS/kung_lu_decom/kung_lu_decom.srcs/sim_1/new/lu_tb.vhd
Note: ps(2,1)=128
Time: 500 ps  Iteration: 0  Process: /lu/monitor  File: D:/Materials/Study/HLS/kung_lu_decom/kung_lu_decom.srcs/sim_1/new/lu_tb.vhd
Note: ps(2,2)=0
Time: 500 ps  Iteration: 0  Process: /lu/monitor  File: D:/Materials/Study/HLS/kung_lu_decom/kung_lu_decom.srcs/sim_1/new/lu_tb.vhd
Note: ps(2,3)=0
Time: 500 ps  Iteration: 0  Process: /lu/monitor  File: D:/Materials/Study/HLS/kung_lu_decom/kung_lu_decom.srcs/sim_1/new/lu_tb.vhd
Note: ps(3,0)=0
Time: 500 ps  Iteration: 0  Process: /lu/monitor  File: D:/Materials/Study/HLS/kung_lu_decom/kung_lu_decom.srcs/sim_1/new/lu_tb.vhd
Note: ps(3,1)=0
Time: 500 ps  Iteration: 0  Process: /lu/monitor  File: D:/Materials/Study/HLS/kung_lu_decom/kung_lu_decom.srcs/sim_1/new/lu_tb.vhd
Note: ps(3,2)=0
Time: 500 ps  Iteration: 0  Process: /lu/monitor  File: D:/Materials/Study/HLS/kung_lu_decom/kung_lu_decom.srcs/sim_1/new/lu_tb.vhd
Note: ps(3,3)=160
Time: 500 ps  Iteration: 0  Process: /lu/monitor  File: D:/Materials/Study/HLS/kung_lu_decom/kung_lu_decom.srcs/sim_1/new/lu_tb.vhd
Note: [cyc=6] reset='0'
Time: 600 ps  Iteration: 0  Process: /lu/monitor  File: D:/Materials/Study/HLS/kung_lu_decom/kung_lu_decom.srcs/sim_1/new/lu_tb.vhd
Note: a(0)=0
Time: 600 ps  Iteration: 0  Process: /lu/monitor  File: D:/Materials/Study/HLS/kung_lu_decom/kung_lu_decom.srcs/sim_1/new/lu_tb.vhd
Note: a(1)=64
Time: 600 ps  Iteration: 0  Process: /lu/monitor  File: D:/Materials/Study/HLS/kung_lu_decom/kung_lu_decom.srcs/sim_1/new/lu_tb.vhd
Note: a(2)=0
Time: 600 ps  Iteration: 0  Process: /lu/monitor  File: D:/Materials/Study/HLS/kung_lu_decom/kung_lu_decom.srcs/sim_1/new/lu_tb.vhd
Note: a(3)=0
Time: 600 ps  Iteration: 0  Process: /lu/monitor  File: D:/Materials/Study/HLS/kung_lu_decom/kung_lu_decom.srcs/sim_1/new/lu_tb.vhd
Note: a(4)=0
Time: 600 ps  Iteration: 0  Process: /lu/monitor  File: D:/Materials/Study/HLS/kung_lu_decom/kung_lu_decom.srcs/sim_1/new/lu_tb.vhd
Note: a(5)=0
Time: 600 ps  Iteration: 0  Process: /lu/monitor  File: D:/Materials/Study/HLS/kung_lu_decom/kung_lu_decom.srcs/sim_1/new/lu_tb.vhd
Note: a(6)=0
Time: 600 ps  Iteration: 0  Process: /lu/monitor  File: D:/Materials/Study/HLS/kung_lu_decom/kung_lu_decom.srcs/sim_1/new/lu_tb.vhd
Note: outputs L(1)=0
Time: 600 ps  Iteration: 0  Process: /lu/monitor  File: D:/Materials/Study/HLS/kung_lu_decom/kung_lu_decom.srcs/sim_1/new/lu_tb.vhd
Note: outputs L(2)=0
Time: 600 ps  Iteration: 0  Process: /lu/monitor  File: D:/Materials/Study/HLS/kung_lu_decom/kung_lu_decom.srcs/sim_1/new/lu_tb.vhd
Note: outputs L(3)=64
Time: 600 ps  Iteration: 0  Process: /lu/monitor  File: D:/Materials/Study/HLS/kung_lu_decom/kung_lu_decom.srcs/sim_1/new/lu_tb.vhd
Note: outputs U(0)=0
Time: 600 ps  Iteration: 0  Process: /lu/monitor  File: D:/Materials/Study/HLS/kung_lu_decom/kung_lu_decom.srcs/sim_1/new/lu_tb.vhd
Note: outputs U(1)=32
Time: 600 ps  Iteration: 0  Process: /lu/monitor  File: D:/Materials/Study/HLS/kung_lu_decom/kung_lu_decom.srcs/sim_1/new/lu_tb.vhd
Note: outputs U(2)=0
Time: 600 ps  Iteration: 0  Process: /lu/monitor  File: D:/Materials/Study/HLS/kung_lu_decom/kung_lu_decom.srcs/sim_1/new/lu_tb.vhd
Note: outputs U(3)=0
Time: 600 ps  Iteration: 0  Process: /lu/monitor  File: D:/Materials/Study/HLS/kung_lu_decom/kung_lu_decom.srcs/sim_1/new/lu_tb.vhd
Note: ps(0,0)=0
Time: 600 ps  Iteration: 0  Process: /lu/monitor  File: D:/Materials/Study/HLS/kung_lu_decom/kung_lu_decom.srcs/sim_1/new/lu_tb.vhd
Note: ps(0,1)=32
Time: 600 ps  Iteration: 0  Process: /lu/monitor  File: D:/Materials/Study/HLS/kung_lu_decom/kung_lu_decom.srcs/sim_1/new/lu_tb.vhd
Note: ps(0,2)=0
Time: 600 ps  Iteration: 0  Process: /lu/monitor  File: D:/Materials/Study/HLS/kung_lu_decom/kung_lu_decom.srcs/sim_1/new/lu_tb.vhd
Note: ps(0,3)=0
Time: 600 ps  Iteration: 0  Process: /lu/monitor  File: D:/Materials/Study/HLS/kung_lu_decom/kung_lu_decom.srcs/sim_1/new/lu_tb.vhd
Note: ps(1,0)=128
Time: 600 ps  Iteration: 0  Process: /lu/monitor  File: D:/Materials/Study/HLS/kung_lu_decom/kung_lu_decom.srcs/sim_1/new/lu_tb.vhd
Note: ps(1,1)=0
Time: 600 ps  Iteration: 0  Process: /lu/monitor  File: D:/Materials/Study/HLS/kung_lu_decom/kung_lu_decom.srcs/sim_1/new/lu_tb.vhd
Note: ps(1,2)=0
Time: 600 ps  Iteration: 0  Process: /lu/monitor  File: D:/Materials/Study/HLS/kung_lu_decom/kung_lu_decom.srcs/sim_1/new/lu_tb.vhd
Note: ps(1,3)=0
Time: 600 ps  Iteration: 0  Process: /lu/monitor  File: D:/Materials/Study/HLS/kung_lu_decom/kung_lu_decom.srcs/sim_1/new/lu_tb.vhd
Note: ps(2,0)=0
Time: 600 ps  Iteration: 0  Process: /lu/monitor  File: D:/Materials/Study/HLS/kung_lu_decom/kung_lu_decom.srcs/sim_1/new/lu_tb.vhd
Note: ps(2,1)=0
Time: 600 ps  Iteration: 0  Process: /lu/monitor  File: D:/Materials/Study/HLS/kung_lu_decom/kung_lu_decom.srcs/sim_1/new/lu_tb.vhd
Note: ps(2,2)=160
Time: 600 ps  Iteration: 0  Process: /lu/monitor  File: D:/Materials/Study/HLS/kung_lu_decom/kung_lu_decom.srcs/sim_1/new/lu_tb.vhd
Note: ps(2,3)=0
Time: 600 ps  Iteration: 0  Process: /lu/monitor  File: D:/Materials/Study/HLS/kung_lu_decom/kung_lu_decom.srcs/sim_1/new/lu_tb.vhd
Note: ps(3,0)=0
Time: 600 ps  Iteration: 0  Process: /lu/monitor  File: D:/Materials/Study/HLS/kung_lu_decom/kung_lu_decom.srcs/sim_1/new/lu_tb.vhd
Note: ps(3,1)=64
Time: 600 ps  Iteration: 0  Process: /lu/monitor  File: D:/Materials/Study/HLS/kung_lu_decom/kung_lu_decom.srcs/sim_1/new/lu_tb.vhd
Note: ps(3,2)=0
Time: 600 ps  Iteration: 0  Process: /lu/monitor  File: D:/Materials/Study/HLS/kung_lu_decom/kung_lu_decom.srcs/sim_1/new/lu_tb.vhd
Note: ps(3,3)=0
Time: 600 ps  Iteration: 0  Process: /lu/monitor  File: D:/Materials/Study/HLS/kung_lu_decom/kung_lu_decom.srcs/sim_1/new/lu_tb.vhd
Note: [cyc=7] reset='0'
Time: 700 ps  Iteration: 0  Process: /lu/monitor  File: D:/Materials/Study/HLS/kung_lu_decom/kung_lu_decom.srcs/sim_1/new/lu_tb.vhd
Note: a(0)=0
Time: 700 ps  Iteration: 0  Process: /lu/monitor  File: D:/Materials/Study/HLS/kung_lu_decom/kung_lu_decom.srcs/sim_1/new/lu_tb.vhd
Note: a(1)=0
Time: 700 ps  Iteration: 0  Process: /lu/monitor  File: D:/Materials/Study/HLS/kung_lu_decom/kung_lu_decom.srcs/sim_1/new/lu_tb.vhd
Note: a(2)=-64
Time: 700 ps  Iteration: 0  Process: /lu/monitor  File: D:/Materials/Study/HLS/kung_lu_decom/kung_lu_decom.srcs/sim_1/new/lu_tb.vhd
Note: a(3)=0
Time: 700 ps  Iteration: 0  Process: /lu/monitor  File: D:/Materials/Study/HLS/kung_lu_decom/kung_lu_decom.srcs/sim_1/new/lu_tb.vhd
Note: a(4)=32
Time: 700 ps  Iteration: 0  Process: /lu/monitor  File: D:/Materials/Study/HLS/kung_lu_decom/kung_lu_decom.srcs/sim_1/new/lu_tb.vhd
Note: a(5)=0
Time: 700 ps  Iteration: 0  Process: /lu/monitor  File: D:/Materials/Study/HLS/kung_lu_decom/kung_lu_decom.srcs/sim_1/new/lu_tb.vhd
Note: a(6)=0
Time: 700 ps  Iteration: 0  Process: /lu/monitor  File: D:/Materials/Study/HLS/kung_lu_decom/kung_lu_decom.srcs/sim_1/new/lu_tb.vhd
Note: outputs L(1)=160
Time: 700 ps  Iteration: 0  Process: /lu/monitor  File: D:/Materials/Study/HLS/kung_lu_decom/kung_lu_decom.srcs/sim_1/new/lu_tb.vhd
Note: outputs L(2)=0
Time: 700 ps  Iteration: 0  Process: /lu/monitor  File: D:/Materials/Study/HLS/kung_lu_decom/kung_lu_decom.srcs/sim_1/new/lu_tb.vhd
Note: outputs L(3)=0
Time: 700 ps  Iteration: 0  Process: /lu/monitor  File: D:/Materials/Study/HLS/kung_lu_decom/kung_lu_decom.srcs/sim_1/new/lu_tb.vhd
Note: outputs U(0)=0
Time: 700 ps  Iteration: 0  Process: /lu/monitor  File: D:/Materials/Study/HLS/kung_lu_decom/kung_lu_decom.srcs/sim_1/new/lu_tb.vhd
Note: outputs U(1)=0
Time: 700 ps  Iteration: 0  Process: /lu/monitor  File: D:/Materials/Study/HLS/kung_lu_decom/kung_lu_decom.srcs/sim_1/new/lu_tb.vhd
Note: outputs U(2)=0
Time: 700 ps  Iteration: 0  Process: /lu/monitor  File: D:/Materials/Study/HLS/kung_lu_decom/kung_lu_decom.srcs/sim_1/new/lu_tb.vhd
Note: outputs U(3)=0
Time: 700 ps  Iteration: 0  Process: /lu/monitor  File: D:/Materials/Study/HLS/kung_lu_decom/kung_lu_decom.srcs/sim_1/new/lu_tb.vhd
Note: ps(0,0)=0
Time: 700 ps  Iteration: 0  Process: /lu/monitor  File: D:/Materials/Study/HLS/kung_lu_decom/kung_lu_decom.srcs/sim_1/new/lu_tb.vhd
Note: ps(0,1)=0
Time: 700 ps  Iteration: 0  Process: /lu/monitor  File: D:/Materials/Study/HLS/kung_lu_decom/kung_lu_decom.srcs/sim_1/new/lu_tb.vhd
Note: ps(0,2)=0
Time: 700 ps  Iteration: 0  Process: /lu/monitor  File: D:/Materials/Study/HLS/kung_lu_decom/kung_lu_decom.srcs/sim_1/new/lu_tb.vhd
Note: ps(0,3)=0
Time: 700 ps  Iteration: 0  Process: /lu/monitor  File: D:/Materials/Study/HLS/kung_lu_decom/kung_lu_decom.srcs/sim_1/new/lu_tb.vhd
Note: ps(1,0)=0
Time: 700 ps  Iteration: 0  Process: /lu/monitor  File: D:/Materials/Study/HLS/kung_lu_decom/kung_lu_decom.srcs/sim_1/new/lu_tb.vhd
Note: ps(1,1)=160
Time: 700 ps  Iteration: 0  Process: /lu/monitor  File: D:/Materials/Study/HLS/kung_lu_decom/kung_lu_decom.srcs/sim_1/new/lu_tb.vhd
Note: ps(1,2)=0
Time: 700 ps  Iteration: 0  Process: /lu/monitor  File: D:/Materials/Study/HLS/kung_lu_decom/kung_lu_decom.srcs/sim_1/new/lu_tb.vhd
Note: ps(1,3)=0
Time: 700 ps  Iteration: 0  Process: /lu/monitor  File: D:/Materials/Study/HLS/kung_lu_decom/kung_lu_decom.srcs/sim_1/new/lu_tb.vhd
Note: ps(2,0)=64
Time: 700 ps  Iteration: 0  Process: /lu/monitor  File: D:/Materials/Study/HLS/kung_lu_decom/kung_lu_decom.srcs/sim_1/new/lu_tb.vhd
Note: ps(2,1)=0
Time: 700 ps  Iteration: 0  Process: /lu/monitor  File: D:/Materials/Study/HLS/kung_lu_decom/kung_lu_decom.srcs/sim_1/new/lu_tb.vhd
Note: ps(2,2)=0
Time: 700 ps  Iteration: 0  Process: /lu/monitor  File: D:/Materials/Study/HLS/kung_lu_decom/kung_lu_decom.srcs/sim_1/new/lu_tb.vhd
Note: ps(2,3)=32
Time: 700 ps  Iteration: 0  Process: /lu/monitor  File: D:/Materials/Study/HLS/kung_lu_decom/kung_lu_decom.srcs/sim_1/new/lu_tb.vhd
Note: ps(3,0)=0
Time: 700 ps  Iteration: 0  Process: /lu/monitor  File: D:/Materials/Study/HLS/kung_lu_decom/kung_lu_decom.srcs/sim_1/new/lu_tb.vhd
Note: ps(3,1)=0
Time: 700 ps  Iteration: 0  Process: /lu/monitor  File: D:/Materials/Study/HLS/kung_lu_decom/kung_lu_decom.srcs/sim_1/new/lu_tb.vhd
Note: ps(3,2)=-64
Time: 700 ps  Iteration: 0  Process: /lu/monitor  File: D:/Materials/Study/HLS/kung_lu_decom/kung_lu_decom.srcs/sim_1/new/lu_tb.vhd
Note: ps(3,3)=0
Time: 700 ps  Iteration: 0  Process: /lu/monitor  File: D:/Materials/Study/HLS/kung_lu_decom/kung_lu_decom.srcs/sim_1/new/lu_tb.vhd
Note: [cyc=8] reset='0'
Time: 800 ps  Iteration: 0  Process: /lu/monitor  File: D:/Materials/Study/HLS/kung_lu_decom/kung_lu_decom.srcs/sim_1/new/lu_tb.vhd
Note: a(0)=192
Time: 800 ps  Iteration: 0  Process: /lu/monitor  File: D:/Materials/Study/HLS/kung_lu_decom/kung_lu_decom.srcs/sim_1/new/lu_tb.vhd
Note: a(1)=0
Time: 800 ps  Iteration: 0  Process: /lu/monitor  File: D:/Materials/Study/HLS/kung_lu_decom/kung_lu_decom.srcs/sim_1/new/lu_tb.vhd
Note: a(2)=0
Time: 800 ps  Iteration: 0  Process: /lu/monitor  File: D:/Materials/Study/HLS/kung_lu_decom/kung_lu_decom.srcs/sim_1/new/lu_tb.vhd
Note: a(3)=32
Time: 800 ps  Iteration: 0  Process: /lu/monitor  File: D:/Materials/Study/HLS/kung_lu_decom/kung_lu_decom.srcs/sim_1/new/lu_tb.vhd
Note: a(4)=0
Time: 800 ps  Iteration: 0  Process: /lu/monitor  File: D:/Materials/Study/HLS/kung_lu_decom/kung_lu_decom.srcs/sim_1/new/lu_tb.vhd
Note: a(5)=0
Time: 800 ps  Iteration: 0  Process: /lu/monitor  File: D:/Materials/Study/HLS/kung_lu_decom/kung_lu_decom.srcs/sim_1/new/lu_tb.vhd
Note: a(6)=64
Time: 800 ps  Iteration: 0  Process: /lu/monitor  File: D:/Materials/Study/HLS/kung_lu_decom/kung_lu_decom.srcs/sim_1/new/lu_tb.vhd
Note: outputs L(1)=0
Time: 800 ps  Iteration: 0  Process: /lu/monitor  File: D:/Materials/Study/HLS/kung_lu_decom/kung_lu_decom.srcs/sim_1/new/lu_tb.vhd
Note: outputs L(2)=-64
Time: 800 ps  Iteration: 0  Process: /lu/monitor  File: D:/Materials/Study/HLS/kung_lu_decom/kung_lu_decom.srcs/sim_1/new/lu_tb.vhd
Note: outputs L(3)=0
Time: 800 ps  Iteration: 0  Process: /lu/monitor  File: D:/Materials/Study/HLS/kung_lu_decom/kung_lu_decom.srcs/sim_1/new/lu_tb.vhd
Note: outputs U(0)=160
Time: 800 ps  Iteration: 0  Process: /lu/monitor  File: D:/Materials/Study/HLS/kung_lu_decom/kung_lu_decom.srcs/sim_1/new/lu_tb.vhd
Note: outputs U(1)=0
Time: 800 ps  Iteration: 0  Process: /lu/monitor  File: D:/Materials/Study/HLS/kung_lu_decom/kung_lu_decom.srcs/sim_1/new/lu_tb.vhd
Note: outputs U(2)=0
Time: 800 ps  Iteration: 0  Process: /lu/monitor  File: D:/Materials/Study/HLS/kung_lu_decom/kung_lu_decom.srcs/sim_1/new/lu_tb.vhd
Note: outputs U(3)=64
Time: 800 ps  Iteration: 0  Process: /lu/monitor  File: D:/Materials/Study/HLS/kung_lu_decom/kung_lu_decom.srcs/sim_1/new/lu_tb.vhd
Note: ps(0,0)=160
Time: 800 ps  Iteration: 0  Process: /lu/monitor  File: D:/Materials/Study/HLS/kung_lu_decom/kung_lu_decom.srcs/sim_1/new/lu_tb.vhd
Note: ps(0,1)=0
Time: 800 ps  Iteration: 0  Process: /lu/monitor  File: D:/Materials/Study/HLS/kung_lu_decom/kung_lu_decom.srcs/sim_1/new/lu_tb.vhd
Note: ps(0,2)=0
Time: 800 ps  Iteration: 0  Process: /lu/monitor  File: D:/Materials/Study/HLS/kung_lu_decom/kung_lu_decom.srcs/sim_1/new/lu_tb.vhd
Note: ps(0,3)=64
Time: 800 ps  Iteration: 0  Process: /lu/monitor  File: D:/Materials/Study/HLS/kung_lu_decom/kung_lu_decom.srcs/sim_1/new/lu_tb.vhd
Note: ps(1,0)=0
Time: 800 ps  Iteration: 0  Process: /lu/monitor  File: D:/Materials/Study/HLS/kung_lu_decom/kung_lu_decom.srcs/sim_1/new/lu_tb.vhd
Note: ps(1,1)=0
Time: 800 ps  Iteration: 0  Process: /lu/monitor  File: D:/Materials/Study/HLS/kung_lu_decom/kung_lu_decom.srcs/sim_1/new/lu_tb.vhd
Note: ps(1,2)=32
Time: 800 ps  Iteration: 0  Process: /lu/monitor  File: D:/Materials/Study/HLS/kung_lu_decom/kung_lu_decom.srcs/sim_1/new/lu_tb.vhd
Note: ps(1,3)=0
Time: 800 ps  Iteration: 0  Process: /lu/monitor  File: D:/Materials/Study/HLS/kung_lu_decom/kung_lu_decom.srcs/sim_1/new/lu_tb.vhd
Note: ps(2,0)=0
Time: 800 ps  Iteration: 0  Process: /lu/monitor  File: D:/Materials/Study/HLS/kung_lu_decom/kung_lu_decom.srcs/sim_1/new/lu_tb.vhd
Note: ps(2,1)=-64
Time: 800 ps  Iteration: 0  Process: /lu/monitor  File: D:/Materials/Study/HLS/kung_lu_decom/kung_lu_decom.srcs/sim_1/new/lu_tb.vhd
Note: ps(2,2)=0
Time: 800 ps  Iteration: 0  Process: /lu/monitor  File: D:/Materials/Study/HLS/kung_lu_decom/kung_lu_decom.srcs/sim_1/new/lu_tb.vhd
Note: ps(2,3)=0
Time: 800 ps  Iteration: 0  Process: /lu/monitor  File: D:/Materials/Study/HLS/kung_lu_decom/kung_lu_decom.srcs/sim_1/new/lu_tb.vhd
Note: ps(3,0)=192
Time: 800 ps  Iteration: 0  Process: /lu/monitor  File: D:/Materials/Study/HLS/kung_lu_decom/kung_lu_decom.srcs/sim_1/new/lu_tb.vhd
Note: ps(3,1)=0
Time: 800 ps  Iteration: 0  Process: /lu/monitor  File: D:/Materials/Study/HLS/kung_lu_decom/kung_lu_decom.srcs/sim_1/new/lu_tb.vhd
Note: ps(3,2)=0
Time: 800 ps  Iteration: 0  Process: /lu/monitor  File: D:/Materials/Study/HLS/kung_lu_decom/kung_lu_decom.srcs/sim_1/new/lu_tb.vhd
Note: ps(3,3)=32
Time: 800 ps  Iteration: 0  Process: /lu/monitor  File: D:/Materials/Study/HLS/kung_lu_decom/kung_lu_decom.srcs/sim_1/new/lu_tb.vhd
Note: [cyc=9] reset='0'
Time: 900 ps  Iteration: 0  Process: /lu/monitor  File: D:/Materials/Study/HLS/kung_lu_decom/kung_lu_decom.srcs/sim_1/new/lu_tb.vhd
Note: a(0)=0
Time: 900 ps  Iteration: 0  Process: /lu/monitor  File: D:/Materials/Study/HLS/kung_lu_decom/kung_lu_decom.srcs/sim_1/new/lu_tb.vhd
Note: a(1)=288
Time: 900 ps  Iteration: 0  Process: /lu/monitor  File: D:/Materials/Study/HLS/kung_lu_decom/kung_lu_decom.srcs/sim_1/new/lu_tb.vhd
Note: a(2)=0
Time: 900 ps  Iteration: 0  Process: /lu/monitor  File: D:/Materials/Study/HLS/kung_lu_decom/kung_lu_decom.srcs/sim_1/new/lu_tb.vhd
Note: a(3)=0
Time: 900 ps  Iteration: 0  Process: /lu/monitor  File: D:/Materials/Study/HLS/kung_lu_decom/kung_lu_decom.srcs/sim_1/new/lu_tb.vhd
Note: a(4)=0
Time: 900 ps  Iteration: 0  Process: /lu/monitor  File: D:/Materials/Study/HLS/kung_lu_decom/kung_lu_decom.srcs/sim_1/new/lu_tb.vhd
Note: a(5)=96
Time: 900 ps  Iteration: 0  Process: /lu/monitor  File: D:/Materials/Study/HLS/kung_lu_decom/kung_lu_decom.srcs/sim_1/new/lu_tb.vhd
Note: a(6)=0
Time: 900 ps  Iteration: 0  Process: /lu/monitor  File: D:/Materials/Study/HLS/kung_lu_decom/kung_lu_decom.srcs/sim_1/new/lu_tb.vhd
Note: outputs L(1)=0
Time: 900 ps  Iteration: 0  Process: /lu/monitor  File: D:/Materials/Study/HLS/kung_lu_decom/kung_lu_decom.srcs/sim_1/new/lu_tb.vhd
Note: outputs L(2)=0
Time: 900 ps  Iteration: 0  Process: /lu/monitor  File: D:/Materials/Study/HLS/kung_lu_decom/kung_lu_decom.srcs/sim_1/new/lu_tb.vhd
Note: outputs L(3)=288
Time: 900 ps  Iteration: 0  Process: /lu/monitor  File: D:/Materials/Study/HLS/kung_lu_decom/kung_lu_decom.srcs/sim_1/new/lu_tb.vhd
Note: outputs U(0)=0
Time: 900 ps  Iteration: 0  Process: /lu/monitor  File: D:/Materials/Study/HLS/kung_lu_decom/kung_lu_decom.srcs/sim_1/new/lu_tb.vhd
Note: outputs U(1)=32
Time: 900 ps  Iteration: 0  Process: /lu/monitor  File: D:/Materials/Study/HLS/kung_lu_decom/kung_lu_decom.srcs/sim_1/new/lu_tb.vhd
Note: outputs U(2)=0
Time: 900 ps  Iteration: 0  Process: /lu/monitor  File: D:/Materials/Study/HLS/kung_lu_decom/kung_lu_decom.srcs/sim_1/new/lu_tb.vhd
Note: outputs U(3)=0
Time: 900 ps  Iteration: 0  Process: /lu/monitor  File: D:/Materials/Study/HLS/kung_lu_decom/kung_lu_decom.srcs/sim_1/new/lu_tb.vhd
Note: ps(0,0)=0
Time: 900 ps  Iteration: 0  Process: /lu/monitor  File: D:/Materials/Study/HLS/kung_lu_decom/kung_lu_decom.srcs/sim_1/new/lu_tb.vhd
Note: ps(0,1)=32
Time: 900 ps  Iteration: 0  Process: /lu/monitor  File: D:/Materials/Study/HLS/kung_lu_decom/kung_lu_decom.srcs/sim_1/new/lu_tb.vhd
Note: ps(0,2)=0
Time: 900 ps  Iteration: 0  Process: /lu/monitor  File: D:/Materials/Study/HLS/kung_lu_decom/kung_lu_decom.srcs/sim_1/new/lu_tb.vhd
Note: ps(0,3)=0
Time: 900 ps  Iteration: 0  Process: /lu/monitor  File: D:/Materials/Study/HLS/kung_lu_decom/kung_lu_decom.srcs/sim_1/new/lu_tb.vhd
Note: ps(1,0)=-64
Time: 900 ps  Iteration: 0  Process: /lu/monitor  File: D:/Materials/Study/HLS/kung_lu_decom/kung_lu_decom.srcs/sim_1/new/lu_tb.vhd
Note: ps(1,1)=0
Time: 900 ps  Iteration: 0  Process: /lu/monitor  File: D:/Materials/Study/HLS/kung_lu_decom/kung_lu_decom.srcs/sim_1/new/lu_tb.vhd
Note: ps(1,2)=0
Time: 900 ps  Iteration: 0  Process: /lu/monitor  File: D:/Materials/Study/HLS/kung_lu_decom/kung_lu_decom.srcs/sim_1/new/lu_tb.vhd
Note: ps(1,3)=96
Time: 900 ps  Iteration: 0  Process: /lu/monitor  File: D:/Materials/Study/HLS/kung_lu_decom/kung_lu_decom.srcs/sim_1/new/lu_tb.vhd
Note: ps(2,0)=0
Time: 900 ps  Iteration: 0  Process: /lu/monitor  File: D:/Materials/Study/HLS/kung_lu_decom/kung_lu_decom.srcs/sim_1/new/lu_tb.vhd
Note: ps(2,1)=0
Time: 900 ps  Iteration: 0  Process: /lu/monitor  File: D:/Materials/Study/HLS/kung_lu_decom/kung_lu_decom.srcs/sim_1/new/lu_tb.vhd
Note: ps(2,2)=32
Time: 900 ps  Iteration: 0  Process: /lu/monitor  File: D:/Materials/Study/HLS/kung_lu_decom/kung_lu_decom.srcs/sim_1/new/lu_tb.vhd
Note: ps(2,3)=0
Time: 900 ps  Iteration: 0  Process: /lu/monitor  File: D:/Materials/Study/HLS/kung_lu_decom/kung_lu_decom.srcs/sim_1/new/lu_tb.vhd
Note: ps(3,0)=0
Time: 900 ps  Iteration: 0  Process: /lu/monitor  File: D:/Materials/Study/HLS/kung_lu_decom/kung_lu_decom.srcs/sim_1/new/lu_tb.vhd
Note: ps(3,1)=288
Time: 900 ps  Iteration: 0  Process: /lu/monitor  File: D:/Materials/Study/HLS/kung_lu_decom/kung_lu_decom.srcs/sim_1/new/lu_tb.vhd
Note: ps(3,2)=0
Time: 900 ps  Iteration: 0  Process: /lu/monitor  File: D:/Materials/Study/HLS/kung_lu_decom/kung_lu_decom.srcs/sim_1/new/lu_tb.vhd
Note: ps(3,3)=0
Time: 900 ps  Iteration: 0  Process: /lu/monitor  File: D:/Materials/Study/HLS/kung_lu_decom/kung_lu_decom.srcs/sim_1/new/lu_tb.vhd
Note: [cyc=10] reset='0'
Time: 1 ns  Iteration: 0  Process: /lu/monitor  File: D:/Materials/Study/HLS/kung_lu_decom/kung_lu_decom.srcs/sim_1/new/lu_tb.vhd
Note: a(0)=0
Time: 1 ns  Iteration: 0  Process: /lu/monitor  File: D:/Materials/Study/HLS/kung_lu_decom/kung_lu_decom.srcs/sim_1/new/lu_tb.vhd
Note: a(1)=0
Time: 1 ns  Iteration: 0  Process: /lu/monitor  File: D:/Materials/Study/HLS/kung_lu_decom/kung_lu_decom.srcs/sim_1/new/lu_tb.vhd
Note: a(2)=64
Time: 1 ns  Iteration: 0  Process: /lu/monitor  File: D:/Materials/Study/HLS/kung_lu_decom/kung_lu_decom.srcs/sim_1/new/lu_tb.vhd
Note: a(3)=0
Time: 1 ns  Iteration: 0  Process: /lu/monitor  File: D:/Materials/Study/HLS/kung_lu_decom/kung_lu_decom.srcs/sim_1/new/lu_tb.vhd
Note: a(4)=224
Time: 1 ns  Iteration: 0  Process: /lu/monitor  File: D:/Materials/Study/HLS/kung_lu_decom/kung_lu_decom.srcs/sim_1/new/lu_tb.vhd
Note: a(5)=0
Time: 1 ns  Iteration: 0  Process: /lu/monitor  File: D:/Materials/Study/HLS/kung_lu_decom/kung_lu_decom.srcs/sim_1/new/lu_tb.vhd
Note: a(6)=0
Time: 1 ns  Iteration: 0  Process: /lu/monitor  File: D:/Materials/Study/HLS/kung_lu_decom/kung_lu_decom.srcs/sim_1/new/lu_tb.vhd
Note: outputs L(1)=32
Time: 1 ns  Iteration: 0  Process: /lu/monitor  File: D:/Materials/Study/HLS/kung_lu_decom/kung_lu_decom.srcs/sim_1/new/lu_tb.vhd
Note: outputs L(2)=0
Time: 1 ns  Iteration: 0  Process: /lu/monitor  File: D:/Materials/Study/HLS/kung_lu_decom/kung_lu_decom.srcs/sim_1/new/lu_tb.vhd
Note: outputs L(3)=0
Time: 1 ns  Iteration: 0  Process: /lu/monitor  File: D:/Materials/Study/HLS/kung_lu_decom/kung_lu_decom.srcs/sim_1/new/lu_tb.vhd
Note: outputs U(0)=0
Time: 1 ns  Iteration: 0  Process: /lu/monitor  File: D:/Materials/Study/HLS/kung_lu_decom/kung_lu_decom.srcs/sim_1/new/lu_tb.vhd
Note: outputs U(1)=0
Time: 1 ns  Iteration: 0  Process: /lu/monitor  File: D:/Materials/Study/HLS/kung_lu_decom/kung_lu_decom.srcs/sim_1/new/lu_tb.vhd
Note: outputs U(2)=96
Time: 1 ns  Iteration: 0  Process: /lu/monitor  File: D:/Materials/Study/HLS/kung_lu_decom/kung_lu_decom.srcs/sim_1/new/lu_tb.vhd
Note: outputs U(3)=0
Time: 1 ns  Iteration: 0  Process: /lu/monitor  File: D:/Materials/Study/HLS/kung_lu_decom/kung_lu_decom.srcs/sim_1/new/lu_tb.vhd
Note: ps(0,0)=0
Time: 1 ns  Iteration: 0  Process: /lu/monitor  File: D:/Materials/Study/HLS/kung_lu_decom/kung_lu_decom.srcs/sim_1/new/lu_tb.vhd
Note: ps(0,1)=0
Time: 1 ns  Iteration: 0  Process: /lu/monitor  File: D:/Materials/Study/HLS/kung_lu_decom/kung_lu_decom.srcs/sim_1/new/lu_tb.vhd
Note: ps(0,2)=96
Time: 1 ns  Iteration: 0  Process: /lu/monitor  File: D:/Materials/Study/HLS/kung_lu_decom/kung_lu_decom.srcs/sim_1/new/lu_tb.vhd
Note: ps(0,3)=0
Time: 1 ns  Iteration: 0  Process: /lu/monitor  File: D:/Materials/Study/HLS/kung_lu_decom/kung_lu_decom.srcs/sim_1/new/lu_tb.vhd
Note: ps(1,0)=0
Time: 1 ns  Iteration: 0  Process: /lu/monitor  File: D:/Materials/Study/HLS/kung_lu_decom/kung_lu_decom.srcs/sim_1/new/lu_tb.vhd
Note: ps(1,1)=32
Time: 1 ns  Iteration: 0  Process: /lu/monitor  File: D:/Materials/Study/HLS/kung_lu_decom/kung_lu_decom.srcs/sim_1/new/lu_tb.vhd
Note: ps(1,2)=0
Time: 1 ns  Iteration: 0  Process: /lu/monitor  File: D:/Materials/Study/HLS/kung_lu_decom/kung_lu_decom.srcs/sim_1/new/lu_tb.vhd
Note: ps(1,3)=0
Time: 1 ns  Iteration: 0  Process: /lu/monitor  File: D:/Materials/Study/HLS/kung_lu_decom/kung_lu_decom.srcs/sim_1/new/lu_tb.vhd
Note: ps(2,0)=288
Time: 1 ns  Iteration: 0  Process: /lu/monitor  File: D:/Materials/Study/HLS/kung_lu_decom/kung_lu_decom.srcs/sim_1/new/lu_tb.vhd
Note: ps(2,1)=0
Time: 1 ns  Iteration: 0  Process: /lu/monitor  File: D:/Materials/Study/HLS/kung_lu_decom/kung_lu_decom.srcs/sim_1/new/lu_tb.vhd
Note: ps(2,2)=0
Time: 1 ns  Iteration: 0  Process: /lu/monitor  File: D:/Materials/Study/HLS/kung_lu_decom/kung_lu_decom.srcs/sim_1/new/lu_tb.vhd
Note: ps(2,3)=224
Time: 1 ns  Iteration: 0  Process: /lu/monitor  File: D:/Materials/Study/HLS/kung_lu_decom/kung_lu_decom.srcs/sim_1/new/lu_tb.vhd
Note: ps(3,0)=0
Time: 1 ns  Iteration: 0  Process: /lu/monitor  File: D:/Materials/Study/HLS/kung_lu_decom/kung_lu_decom.srcs/sim_1/new/lu_tb.vhd
Note: ps(3,1)=0
Time: 1 ns  Iteration: 0  Process: /lu/monitor  File: D:/Materials/Study/HLS/kung_lu_decom/kung_lu_decom.srcs/sim_1/new/lu_tb.vhd
Note: ps(3,2)=64
Time: 1 ns  Iteration: 0  Process: /lu/monitor  File: D:/Materials/Study/HLS/kung_lu_decom/kung_lu_decom.srcs/sim_1/new/lu_tb.vhd
Note: ps(3,3)=0
Time: 1 ns  Iteration: 0  Process: /lu/monitor  File: D:/Materials/Study/HLS/kung_lu_decom/kung_lu_decom.srcs/sim_1/new/lu_tb.vhd
Note: [cyc=11] reset='0'
Time: 1100 ps  Iteration: 0  Process: /lu/monitor  File: D:/Materials/Study/HLS/kung_lu_decom/kung_lu_decom.srcs/sim_1/new/lu_tb.vhd
Note: a(0)=0
Time: 1100 ps  Iteration: 0  Process: /lu/monitor  File: D:/Materials/Study/HLS/kung_lu_decom/kung_lu_decom.srcs/sim_1/new/lu_tb.vhd
Note: a(1)=0
Time: 1100 ps  Iteration: 0  Process: /lu/monitor  File: D:/Materials/Study/HLS/kung_lu_decom/kung_lu_decom.srcs/sim_1/new/lu_tb.vhd
Note: a(2)=0
Time: 1100 ps  Iteration: 0  Process: /lu/monitor  File: D:/Materials/Study/HLS/kung_lu_decom/kung_lu_decom.srcs/sim_1/new/lu_tb.vhd
Note: a(3)=288
Time: 1100 ps  Iteration: 0  Process: /lu/monitor  File: D:/Materials/Study/HLS/kung_lu_decom/kung_lu_decom.srcs/sim_1/new/lu_tb.vhd
Note: a(4)=0
Time: 1100 ps  Iteration: 0  Process: /lu/monitor  File: D:/Materials/Study/HLS/kung_lu_decom/kung_lu_decom.srcs/sim_1/new/lu_tb.vhd
Note: a(5)=0
Time: 1100 ps  Iteration: 0  Process: /lu/monitor  File: D:/Materials/Study/HLS/kung_lu_decom/kung_lu_decom.srcs/sim_1/new/lu_tb.vhd
Note: a(6)=0
Time: 1100 ps  Iteration: 0  Process: /lu/monitor  File: D:/Materials/Study/HLS/kung_lu_decom/kung_lu_decom.srcs/sim_1/new/lu_tb.vhd
Note: outputs L(1)=0
Time: 1100 ps  Iteration: 0  Process: /lu/monitor  File: D:/Materials/Study/HLS/kung_lu_decom/kung_lu_decom.srcs/sim_1/new/lu_tb.vhd
Note: outputs L(2)=64
Time: 1100 ps  Iteration: 0  Process: /lu/monitor  File: D:/Materials/Study/HLS/kung_lu_decom/kung_lu_decom.srcs/sim_1/new/lu_tb.vhd
Note: outputs L(3)=0
Time: 1100 ps  Iteration: 0  Process: /lu/monitor  File: D:/Materials/Study/HLS/kung_lu_decom/kung_lu_decom.srcs/sim_1/new/lu_tb.vhd
Note: outputs U(0)=32
Time: 1100 ps  Iteration: 0  Process: /lu/monitor  File: D:/Materials/Study/HLS/kung_lu_decom/kung_lu_decom.srcs/sim_1/new/lu_tb.vhd
Note: outputs U(1)=0
Time: 1100 ps  Iteration: 0  Process: /lu/monitor  File: D:/Materials/Study/HLS/kung_lu_decom/kung_lu_decom.srcs/sim_1/new/lu_tb.vhd
Note: outputs U(2)=0
Time: 1100 ps  Iteration: 0  Process: /lu/monitor  File: D:/Materials/Study/HLS/kung_lu_decom/kung_lu_decom.srcs/sim_1/new/lu_tb.vhd
Note: outputs U(3)=0
Time: 1100 ps  Iteration: 0  Process: /lu/monitor  File: D:/Materials/Study/HLS/kung_lu_decom/kung_lu_decom.srcs/sim_1/new/lu_tb.vhd
Note: ps(0,0)=32
Time: 1100 ps  Iteration: 0  Process: /lu/monitor  File: D:/Materials/Study/HLS/kung_lu_decom/kung_lu_decom.srcs/sim_1/new/lu_tb.vhd
Note: ps(0,1)=0
Time: 1100 ps  Iteration: 0  Process: /lu/monitor  File: D:/Materials/Study/HLS/kung_lu_decom/kung_lu_decom.srcs/sim_1/new/lu_tb.vhd
Note: ps(0,2)=0
Time: 1100 ps  Iteration: 0  Process: /lu/monitor  File: D:/Materials/Study/HLS/kung_lu_decom/kung_lu_decom.srcs/sim_1/new/lu_tb.vhd
Note: ps(0,3)=0
Time: 1100 ps  Iteration: 0  Process: /lu/monitor  File: D:/Materials/Study/HLS/kung_lu_decom/kung_lu_decom.srcs/sim_1/new/lu_tb.vhd
Note: ps(1,0)=0
Time: 1100 ps  Iteration: 0  Process: /lu/monitor  File: D:/Materials/Study/HLS/kung_lu_decom/kung_lu_decom.srcs/sim_1/new/lu_tb.vhd
Note: ps(1,1)=0
Time: 1100 ps  Iteration: 0  Process: /lu/monitor  File: D:/Materials/Study/HLS/kung_lu_decom/kung_lu_decom.srcs/sim_1/new/lu_tb.vhd
Note: ps(1,2)=224
Time: 1100 ps  Iteration: 0  Process: /lu/monitor  File: D:/Materials/Study/HLS/kung_lu_decom/kung_lu_decom.srcs/sim_1/new/lu_tb.vhd
Note: ps(1,3)=0
Time: 1100 ps  Iteration: 0  Process: /lu/monitor  File: D:/Materials/Study/HLS/kung_lu_decom/kung_lu_decom.srcs/sim_1/new/lu_tb.vhd
Note: ps(2,0)=0
Time: 1100 ps  Iteration: 0  Process: /lu/monitor  File: D:/Materials/Study/HLS/kung_lu_decom/kung_lu_decom.srcs/sim_1/new/lu_tb.vhd
Note: ps(2,1)=64
Time: 1100 ps  Iteration: 0  Process: /lu/monitor  File: D:/Materials/Study/HLS/kung_lu_decom/kung_lu_decom.srcs/sim_1/new/lu_tb.vhd
Note: ps(2,2)=0
Time: 1100 ps  Iteration: 0  Process: /lu/monitor  File: D:/Materials/Study/HLS/kung_lu_decom/kung_lu_decom.srcs/sim_1/new/lu_tb.vhd
Note: ps(2,3)=0
Time: 1100 ps  Iteration: 0  Process: /lu/monitor  File: D:/Materials/Study/HLS/kung_lu_decom/kung_lu_decom.srcs/sim_1/new/lu_tb.vhd
Note: ps(3,0)=0
Time: 1100 ps  Iteration: 0  Process: /lu/monitor  File: D:/Materials/Study/HLS/kung_lu_decom/kung_lu_decom.srcs/sim_1/new/lu_tb.vhd
Note: ps(3,1)=0
Time: 1100 ps  Iteration: 0  Process: /lu/monitor  File: D:/Materials/Study/HLS/kung_lu_decom/kung_lu_decom.srcs/sim_1/new/lu_tb.vhd
Note: ps(3,2)=0
Time: 1100 ps  Iteration: 0  Process: /lu/monitor  File: D:/Materials/Study/HLS/kung_lu_decom/kung_lu_decom.srcs/sim_1/new/lu_tb.vhd
Note: ps(3,3)=288
Time: 1100 ps  Iteration: 0  Process: /lu/monitor  File: D:/Materials/Study/HLS/kung_lu_decom/kung_lu_decom.srcs/sim_1/new/lu_tb.vhd
Note: [cyc=12] reset='0'
Time: 1200 ps  Iteration: 0  Process: /lu/monitor  File: D:/Materials/Study/HLS/kung_lu_decom/kung_lu_decom.srcs/sim_1/new/lu_tb.vhd
Note: a(0)=0
Time: 1200 ps  Iteration: 0  Process: /lu/monitor  File: D:/Materials/Study/HLS/kung_lu_decom/kung_lu_decom.srcs/sim_1/new/lu_tb.vhd
Note: a(1)=0
Time: 1200 ps  Iteration: 0  Process: /lu/monitor  File: D:/Materials/Study/HLS/kung_lu_decom/kung_lu_decom.srcs/sim_1/new/lu_tb.vhd
Note: a(2)=0
Time: 1200 ps  Iteration: 0  Process: /lu/monitor  File: D:/Materials/Study/HLS/kung_lu_decom/kung_lu_decom.srcs/sim_1/new/lu_tb.vhd
Note: a(3)=288
Time: 1200 ps  Iteration: 0  Process: /lu/monitor  File: D:/Materials/Study/HLS/kung_lu_decom/kung_lu_decom.srcs/sim_1/new/lu_tb.vhd
Note: a(4)=0
Time: 1200 ps  Iteration: 0  Process: /lu/monitor  File: D:/Materials/Study/HLS/kung_lu_decom/kung_lu_decom.srcs/sim_1/new/lu_tb.vhd
Note: a(5)=0
Time: 1200 ps  Iteration: 0  Process: /lu/monitor  File: D:/Materials/Study/HLS/kung_lu_decom/kung_lu_decom.srcs/sim_1/new/lu_tb.vhd
Note: a(6)=0
Time: 1200 ps  Iteration: 0  Process: /lu/monitor  File: D:/Materials/Study/HLS/kung_lu_decom/kung_lu_decom.srcs/sim_1/new/lu_tb.vhd
Note: outputs L(1)=0
Time: 1200 ps  Iteration: 0  Process: /lu/monitor  File: D:/Materials/Study/HLS/kung_lu_decom/kung_lu_decom.srcs/sim_1/new/lu_tb.vhd
Note: outputs L(2)=0
Time: 1200 ps  Iteration: 0  Process: /lu/monitor  File: D:/Materials/Study/HLS/kung_lu_decom/kung_lu_decom.srcs/sim_1/new/lu_tb.vhd
Note: outputs L(3)=0
Time: 1200 ps  Iteration: 0  Process: /lu/monitor  File: D:/Materials/Study/HLS/kung_lu_decom/kung_lu_decom.srcs/sim_1/new/lu_tb.vhd
Note: outputs U(0)=0
Time: 1200 ps  Iteration: 0  Process: /lu/monitor  File: D:/Materials/Study/HLS/kung_lu_decom/kung_lu_decom.srcs/sim_1/new/lu_tb.vhd
Note: outputs U(1)=224
Time: 1200 ps  Iteration: 0  Process: /lu/monitor  File: D:/Materials/Study/HLS/kung_lu_decom/kung_lu_decom.srcs/sim_1/new/lu_tb.vhd
Note: outputs U(2)=0
Time: 1200 ps  Iteration: 0  Process: /lu/monitor  File: D:/Materials/Study/HLS/kung_lu_decom/kung_lu_decom.srcs/sim_1/new/lu_tb.vhd
Note: outputs U(3)=0
Time: 1200 ps  Iteration: 0  Process: /lu/monitor  File: D:/Materials/Study/HLS/kung_lu_decom/kung_lu_decom.srcs/sim_1/new/lu_tb.vhd
Note: ps(0,0)=0
Time: 1200 ps  Iteration: 0  Process: /lu/monitor  File: D:/Materials/Study/HLS/kung_lu_decom/kung_lu_decom.srcs/sim_1/new/lu_tb.vhd
Note: ps(0,1)=224
Time: 1200 ps  Iteration: 0  Process: /lu/monitor  File: D:/Materials/Study/HLS/kung_lu_decom/kung_lu_decom.srcs/sim_1/new/lu_tb.vhd
Note: ps(0,2)=0
Time: 1200 ps  Iteration: 0  Process: /lu/monitor  File: D:/Materials/Study/HLS/kung_lu_decom/kung_lu_decom.srcs/sim_1/new/lu_tb.vhd
Note: ps(0,3)=0
Time: 1200 ps  Iteration: 0  Process: /lu/monitor  File: D:/Materials/Study/HLS/kung_lu_decom/kung_lu_decom.srcs/sim_1/new/lu_tb.vhd
Note: ps(1,0)=64
Time: 1200 ps  Iteration: 0  Process: /lu/monitor  File: D:/Materials/Study/HLS/kung_lu_decom/kung_lu_decom.srcs/sim_1/new/lu_tb.vhd
Note: ps(1,1)=0
Time: 1200 ps  Iteration: 0  Process: /lu/monitor  File: D:/Materials/Study/HLS/kung_lu_decom/kung_lu_decom.srcs/sim_1/new/lu_tb.vhd
Note: ps(1,2)=0
Time: 1200 ps  Iteration: 0  Process: /lu/monitor  File: D:/Materials/Study/HLS/kung_lu_decom/kung_lu_decom.srcs/sim_1/new/lu_tb.vhd
Note: ps(1,3)=0
Time: 1200 ps  Iteration: 0  Process: /lu/monitor  File: D:/Materials/Study/HLS/kung_lu_decom/kung_lu_decom.srcs/sim_1/new/lu_tb.vhd
Note: ps(2,0)=0
Time: 1200 ps  Iteration: 0  Process: /lu/monitor  File: D:/Materials/Study/HLS/kung_lu_decom/kung_lu_decom.srcs/sim_1/new/lu_tb.vhd
Note: ps(2,1)=0
Time: 1200 ps  Iteration: 0  Process: /lu/monitor  File: D:/Materials/Study/HLS/kung_lu_decom/kung_lu_decom.srcs/sim_1/new/lu_tb.vhd
Note: ps(2,2)=288
Time: 1200 ps  Iteration: 0  Process: /lu/monitor  File: D:/Materials/Study/HLS/kung_lu_decom/kung_lu_decom.srcs/sim_1/new/lu_tb.vhd
Note: ps(2,3)=0
Time: 1200 ps  Iteration: 0  Process: /lu/monitor  File: D:/Materials/Study/HLS/kung_lu_decom/kung_lu_decom.srcs/sim_1/new/lu_tb.vhd
Note: ps(3,0)=0
Time: 1200 ps  Iteration: 0  Process: /lu/monitor  File: D:/Materials/Study/HLS/kung_lu_decom/kung_lu_decom.srcs/sim_1/new/lu_tb.vhd
Note: ps(3,1)=0
Time: 1200 ps  Iteration: 0  Process: /lu/monitor  File: D:/Materials/Study/HLS/kung_lu_decom/kung_lu_decom.srcs/sim_1/new/lu_tb.vhd
Note: ps(3,2)=0
Time: 1200 ps  Iteration: 0  Process: /lu/monitor  File: D:/Materials/Study/HLS/kung_lu_decom/kung_lu_decom.srcs/sim_1/new/lu_tb.vhd
Note: ps(3,3)=288
Time: 1200 ps  Iteration: 0  Process: /lu/monitor  File: D:/Materials/Study/HLS/kung_lu_decom/kung_lu_decom.srcs/sim_1/new/lu_tb.vhd
Note: [cyc=13] reset='0'
Time: 1300 ps  Iteration: 0  Process: /lu/monitor  File: D:/Materials/Study/HLS/kung_lu_decom/kung_lu_decom.srcs/sim_1/new/lu_tb.vhd
Note: a(0)=0
Time: 1300 ps  Iteration: 0  Process: /lu/monitor  File: D:/Materials/Study/HLS/kung_lu_decom/kung_lu_decom.srcs/sim_1/new/lu_tb.vhd
Note: a(1)=0
Time: 1300 ps  Iteration: 0  Process: /lu/monitor  File: D:/Materials/Study/HLS/kung_lu_decom/kung_lu_decom.srcs/sim_1/new/lu_tb.vhd
Note: a(2)=0
Time: 1300 ps  Iteration: 0  Process: /lu/monitor  File: D:/Materials/Study/HLS/kung_lu_decom/kung_lu_decom.srcs/sim_1/new/lu_tb.vhd
Note: a(3)=288
Time: 1300 ps  Iteration: 0  Process: /lu/monitor  File: D:/Materials/Study/HLS/kung_lu_decom/kung_lu_decom.srcs/sim_1/new/lu_tb.vhd
Note: a(4)=0
Time: 1300 ps  Iteration: 0  Process: /lu/monitor  File: D:/Materials/Study/HLS/kung_lu_decom/kung_lu_decom.srcs/sim_1/new/lu_tb.vhd
Note: a(5)=0
Time: 1300 ps  Iteration: 0  Process: /lu/monitor  File: D:/Materials/Study/HLS/kung_lu_decom/kung_lu_decom.srcs/sim_1/new/lu_tb.vhd
Note: a(6)=0
Time: 1300 ps  Iteration: 0  Process: /lu/monitor  File: D:/Materials/Study/HLS/kung_lu_decom/kung_lu_decom.srcs/sim_1/new/lu_tb.vhd
Note: outputs L(1)=288
Time: 1300 ps  Iteration: 0  Process: /lu/monitor  File: D:/Materials/Study/HLS/kung_lu_decom/kung_lu_decom.srcs/sim_1/new/lu_tb.vhd
Note: outputs L(2)=0
Time: 1300 ps  Iteration: 0  Process: /lu/monitor  File: D:/Materials/Study/HLS/kung_lu_decom/kung_lu_decom.srcs/sim_1/new/lu_tb.vhd
Note: outputs L(3)=0
Time: 1300 ps  Iteration: 0  Process: /lu/monitor  File: D:/Materials/Study/HLS/kung_lu_decom/kung_lu_decom.srcs/sim_1/new/lu_tb.vhd
Note: outputs U(0)=0
Time: 1300 ps  Iteration: 0  Process: /lu/monitor  File: D:/Materials/Study/HLS/kung_lu_decom/kung_lu_decom.srcs/sim_1/new/lu_tb.vhd
Note: outputs U(1)=0
Time: 1300 ps  Iteration: 0  Process: /lu/monitor  File: D:/Materials/Study/HLS/kung_lu_decom/kung_lu_decom.srcs/sim_1/new/lu_tb.vhd
Note: outputs U(2)=0
Time: 1300 ps  Iteration: 0  Process: /lu/monitor  File: D:/Materials/Study/HLS/kung_lu_decom/kung_lu_decom.srcs/sim_1/new/lu_tb.vhd
Note: outputs U(3)=0
Time: 1300 ps  Iteration: 0  Process: /lu/monitor  File: D:/Materials/Study/HLS/kung_lu_decom/kung_lu_decom.srcs/sim_1/new/lu_tb.vhd
Note: ps(0,0)=0
Time: 1300 ps  Iteration: 0  Process: /lu/monitor  File: D:/Materials/Study/HLS/kung_lu_decom/kung_lu_decom.srcs/sim_1/new/lu_tb.vhd
Note: ps(0,1)=0
Time: 1300 ps  Iteration: 0  Process: /lu/monitor  File: D:/Materials/Study/HLS/kung_lu_decom/kung_lu_decom.srcs/sim_1/new/lu_tb.vhd
Note: ps(0,2)=0
Time: 1300 ps  Iteration: 0  Process: /lu/monitor  File: D:/Materials/Study/HLS/kung_lu_decom/kung_lu_decom.srcs/sim_1/new/lu_tb.vhd
Note: ps(0,3)=0
Time: 1300 ps  Iteration: 0  Process: /lu/monitor  File: D:/Materials/Study/HLS/kung_lu_decom/kung_lu_decom.srcs/sim_1/new/lu_tb.vhd
Note: ps(1,0)=0
Time: 1300 ps  Iteration: 0  Process: /lu/monitor  File: D:/Materials/Study/HLS/kung_lu_decom/kung_lu_decom.srcs/sim_1/new/lu_tb.vhd
Note: ps(1,1)=288
Time: 1300 ps  Iteration: 0  Process: /lu/monitor  File: D:/Materials/Study/HLS/kung_lu_decom/kung_lu_decom.srcs/sim_1/new/lu_tb.vhd
Note: ps(1,2)=0
Time: 1300 ps  Iteration: 0  Process: /lu/monitor  File: D:/Materials/Study/HLS/kung_lu_decom/kung_lu_decom.srcs/sim_1/new/lu_tb.vhd
Note: ps(1,3)=0
Time: 1300 ps  Iteration: 0  Process: /lu/monitor  File: D:/Materials/Study/HLS/kung_lu_decom/kung_lu_decom.srcs/sim_1/new/lu_tb.vhd
Note: ps(2,0)=0
Time: 1300 ps  Iteration: 0  Process: /lu/monitor  File: D:/Materials/Study/HLS/kung_lu_decom/kung_lu_decom.srcs/sim_1/new/lu_tb.vhd
Note: ps(2,1)=0
Time: 1300 ps  Iteration: 0  Process: /lu/monitor  File: D:/Materials/Study/HLS/kung_lu_decom/kung_lu_decom.srcs/sim_1/new/lu_tb.vhd
Note: ps(2,2)=288
Time: 1300 ps  Iteration: 0  Process: /lu/monitor  File: D:/Materials/Study/HLS/kung_lu_decom/kung_lu_decom.srcs/sim_1/new/lu_tb.vhd
Note: ps(2,3)=0
Time: 1300 ps  Iteration: 0  Process: /lu/monitor  File: D:/Materials/Study/HLS/kung_lu_decom/kung_lu_decom.srcs/sim_1/new/lu_tb.vhd
Note: ps(3,0)=0
Time: 1300 ps  Iteration: 0  Process: /lu/monitor  File: D:/Materials/Study/HLS/kung_lu_decom/kung_lu_decom.srcs/sim_1/new/lu_tb.vhd
Note: ps(3,1)=0
Time: 1300 ps  Iteration: 0  Process: /lu/monitor  File: D:/Materials/Study/HLS/kung_lu_decom/kung_lu_decom.srcs/sim_1/new/lu_tb.vhd
Note: ps(3,2)=0
Time: 1300 ps  Iteration: 0  Process: /lu/monitor  File: D:/Materials/Study/HLS/kung_lu_decom/kung_lu_decom.srcs/sim_1/new/lu_tb.vhd
Note: ps(3,3)=288
Time: 1300 ps  Iteration: 0  Process: /lu/monitor  File: D:/Materials/Study/HLS/kung_lu_decom/kung_lu_decom.srcs/sim_1/new/lu_tb.vhd
Note: [cyc=14] reset='0'
Time: 1400 ps  Iteration: 0  Process: /lu/monitor  File: D:/Materials/Study/HLS/kung_lu_decom/kung_lu_decom.srcs/sim_1/new/lu_tb.vhd
Note: a(0)=0
Time: 1400 ps  Iteration: 0  Process: /lu/monitor  File: D:/Materials/Study/HLS/kung_lu_decom/kung_lu_decom.srcs/sim_1/new/lu_tb.vhd
Note: a(1)=0
Time: 1400 ps  Iteration: 0  Process: /lu/monitor  File: D:/Materials/Study/HLS/kung_lu_decom/kung_lu_decom.srcs/sim_1/new/lu_tb.vhd
Note: a(2)=0
Time: 1400 ps  Iteration: 0  Process: /lu/monitor  File: D:/Materials/Study/HLS/kung_lu_decom/kung_lu_decom.srcs/sim_1/new/lu_tb.vhd
Note: a(3)=288
Time: 1400 ps  Iteration: 0  Process: /lu/monitor  File: D:/Materials/Study/HLS/kung_lu_decom/kung_lu_decom.srcs/sim_1/new/lu_tb.vhd
Note: a(4)=0
Time: 1400 ps  Iteration: 0  Process: /lu/monitor  File: D:/Materials/Study/HLS/kung_lu_decom/kung_lu_decom.srcs/sim_1/new/lu_tb.vhd
Note: a(5)=0
Time: 1400 ps  Iteration: 0  Process: /lu/monitor  File: D:/Materials/Study/HLS/kung_lu_decom/kung_lu_decom.srcs/sim_1/new/lu_tb.vhd
Note: a(6)=0
Time: 1400 ps  Iteration: 0  Process: /lu/monitor  File: D:/Materials/Study/HLS/kung_lu_decom/kung_lu_decom.srcs/sim_1/new/lu_tb.vhd
Note: outputs L(1)=288
Time: 1400 ps  Iteration: 0  Process: /lu/monitor  File: D:/Materials/Study/HLS/kung_lu_decom/kung_lu_decom.srcs/sim_1/new/lu_tb.vhd
Note: outputs L(2)=0
Time: 1400 ps  Iteration: 0  Process: /lu/monitor  File: D:/Materials/Study/HLS/kung_lu_decom/kung_lu_decom.srcs/sim_1/new/lu_tb.vhd
Note: outputs L(3)=0
Time: 1400 ps  Iteration: 0  Process: /lu/monitor  File: D:/Materials/Study/HLS/kung_lu_decom/kung_lu_decom.srcs/sim_1/new/lu_tb.vhd
Note: outputs U(0)=288
Time: 1400 ps  Iteration: 0  Process: /lu/monitor  File: D:/Materials/Study/HLS/kung_lu_decom/kung_lu_decom.srcs/sim_1/new/lu_tb.vhd
Note: outputs U(1)=0
Time: 1400 ps  Iteration: 0  Process: /lu/monitor  File: D:/Materials/Study/HLS/kung_lu_decom/kung_lu_decom.srcs/sim_1/new/lu_tb.vhd
Note: outputs U(2)=0
Time: 1400 ps  Iteration: 0  Process: /lu/monitor  File: D:/Materials/Study/HLS/kung_lu_decom/kung_lu_decom.srcs/sim_1/new/lu_tb.vhd
Note: outputs U(3)=0
Time: 1400 ps  Iteration: 0  Process: /lu/monitor  File: D:/Materials/Study/HLS/kung_lu_decom/kung_lu_decom.srcs/sim_1/new/lu_tb.vhd
Note: ps(0,0)=288
Time: 1400 ps  Iteration: 0  Process: /lu/monitor  File: D:/Materials/Study/HLS/kung_lu_decom/kung_lu_decom.srcs/sim_1/new/lu_tb.vhd
Note: ps(0,1)=0
Time: 1400 ps  Iteration: 0  Process: /lu/monitor  File: D:/Materials/Study/HLS/kung_lu_decom/kung_lu_decom.srcs/sim_1/new/lu_tb.vhd
Note: ps(0,2)=0
Time: 1400 ps  Iteration: 0  Process: /lu/monitor  File: D:/Materials/Study/HLS/kung_lu_decom/kung_lu_decom.srcs/sim_1/new/lu_tb.vhd
Note: ps(0,3)=0
Time: 1400 ps  Iteration: 0  Process: /lu/monitor  File: D:/Materials/Study/HLS/kung_lu_decom/kung_lu_decom.srcs/sim_1/new/lu_tb.vhd
Note: ps(1,0)=0
Time: 1400 ps  Iteration: 0  Process: /lu/monitor  File: D:/Materials/Study/HLS/kung_lu_decom/kung_lu_decom.srcs/sim_1/new/lu_tb.vhd
Note: ps(1,1)=288
Time: 1400 ps  Iteration: 0  Process: /lu/monitor  File: D:/Materials/Study/HLS/kung_lu_decom/kung_lu_decom.srcs/sim_1/new/lu_tb.vhd
Note: ps(1,2)=0
Time: 1400 ps  Iteration: 0  Process: /lu/monitor  File: D:/Materials/Study/HLS/kung_lu_decom/kung_lu_decom.srcs/sim_1/new/lu_tb.vhd
Note: ps(1,3)=0
Time: 1400 ps  Iteration: 0  Process: /lu/monitor  File: D:/Materials/Study/HLS/kung_lu_decom/kung_lu_decom.srcs/sim_1/new/lu_tb.vhd
Note: ps(2,0)=0
Time: 1400 ps  Iteration: 0  Process: /lu/monitor  File: D:/Materials/Study/HLS/kung_lu_decom/kung_lu_decom.srcs/sim_1/new/lu_tb.vhd
Note: ps(2,1)=0
Time: 1400 ps  Iteration: 0  Process: /lu/monitor  File: D:/Materials/Study/HLS/kung_lu_decom/kung_lu_decom.srcs/sim_1/new/lu_tb.vhd
Note: ps(2,2)=288
Time: 1400 ps  Iteration: 0  Process: /lu/monitor  File: D:/Materials/Study/HLS/kung_lu_decom/kung_lu_decom.srcs/sim_1/new/lu_tb.vhd
Note: ps(2,3)=0
Time: 1400 ps  Iteration: 0  Process: /lu/monitor  File: D:/Materials/Study/HLS/kung_lu_decom/kung_lu_decom.srcs/sim_1/new/lu_tb.vhd
Note: ps(3,0)=0
Time: 1400 ps  Iteration: 0  Process: /lu/monitor  File: D:/Materials/Study/HLS/kung_lu_decom/kung_lu_decom.srcs/sim_1/new/lu_tb.vhd
Note: ps(3,1)=0
Time: 1400 ps  Iteration: 0  Process: /lu/monitor  File: D:/Materials/Study/HLS/kung_lu_decom/kung_lu_decom.srcs/sim_1/new/lu_tb.vhd
Note: ps(3,2)=0
Time: 1400 ps  Iteration: 0  Process: /lu/monitor  File: D:/Materials/Study/HLS/kung_lu_decom/kung_lu_decom.srcs/sim_1/new/lu_tb.vhd
Note: ps(3,3)=288
Time: 1400 ps  Iteration: 0  Process: /lu/monitor  File: D:/Materials/Study/HLS/kung_lu_decom/kung_lu_decom.srcs/sim_1/new/lu_tb.vhd
Note: [cyc=15] reset='0'
Time: 1500 ps  Iteration: 0  Process: /lu/monitor  File: D:/Materials/Study/HLS/kung_lu_decom/kung_lu_decom.srcs/sim_1/new/lu_tb.vhd
Note: a(0)=0
Time: 1500 ps  Iteration: 0  Process: /lu/monitor  File: D:/Materials/Study/HLS/kung_lu_decom/kung_lu_decom.srcs/sim_1/new/lu_tb.vhd
Note: a(1)=0
Time: 1500 ps  Iteration: 0  Process: /lu/monitor  File: D:/Materials/Study/HLS/kung_lu_decom/kung_lu_decom.srcs/sim_1/new/lu_tb.vhd
Note: a(2)=0
Time: 1500 ps  Iteration: 0  Process: /lu/monitor  File: D:/Materials/Study/HLS/kung_lu_decom/kung_lu_decom.srcs/sim_1/new/lu_tb.vhd
Note: a(3)=288
Time: 1500 ps  Iteration: 0  Process: /lu/monitor  File: D:/Materials/Study/HLS/kung_lu_decom/kung_lu_decom.srcs/sim_1/new/lu_tb.vhd
Note: a(4)=0
Time: 1500 ps  Iteration: 0  Process: /lu/monitor  File: D:/Materials/Study/HLS/kung_lu_decom/kung_lu_decom.srcs/sim_1/new/lu_tb.vhd
Note: a(5)=0
Time: 1500 ps  Iteration: 0  Process: /lu/monitor  File: D:/Materials/Study/HLS/kung_lu_decom/kung_lu_decom.srcs/sim_1/new/lu_tb.vhd
Note: a(6)=0
Time: 1500 ps  Iteration: 0  Process: /lu/monitor  File: D:/Materials/Study/HLS/kung_lu_decom/kung_lu_decom.srcs/sim_1/new/lu_tb.vhd
Note: outputs L(1)=288
Time: 1500 ps  Iteration: 0  Process: /lu/monitor  File: D:/Materials/Study/HLS/kung_lu_decom/kung_lu_decom.srcs/sim_1/new/lu_tb.vhd
Note: outputs L(2)=0
Time: 1500 ps  Iteration: 0  Process: /lu/monitor  File: D:/Materials/Study/HLS/kung_lu_decom/kung_lu_decom.srcs/sim_1/new/lu_tb.vhd
Note: outputs L(3)=0
Time: 1500 ps  Iteration: 0  Process: /lu/monitor  File: D:/Materials/Study/HLS/kung_lu_decom/kung_lu_decom.srcs/sim_1/new/lu_tb.vhd
Note: outputs U(0)=288
Time: 1500 ps  Iteration: 0  Process: /lu/monitor  File: D:/Materials/Study/HLS/kung_lu_decom/kung_lu_decom.srcs/sim_1/new/lu_tb.vhd
Note: outputs U(1)=0
Time: 1500 ps  Iteration: 0  Process: /lu/monitor  File: D:/Materials/Study/HLS/kung_lu_decom/kung_lu_decom.srcs/sim_1/new/lu_tb.vhd
Note: outputs U(2)=0
Time: 1500 ps  Iteration: 0  Process: /lu/monitor  File: D:/Materials/Study/HLS/kung_lu_decom/kung_lu_decom.srcs/sim_1/new/lu_tb.vhd
Note: outputs U(3)=0
Time: 1500 ps  Iteration: 0  Process: /lu/monitor  File: D:/Materials/Study/HLS/kung_lu_decom/kung_lu_decom.srcs/sim_1/new/lu_tb.vhd
Note: ps(0,0)=288
Time: 1500 ps  Iteration: 0  Process: /lu/monitor  File: D:/Materials/Study/HLS/kung_lu_decom/kung_lu_decom.srcs/sim_1/new/lu_tb.vhd
Note: ps(0,1)=0
Time: 1500 ps  Iteration: 0  Process: /lu/monitor  File: D:/Materials/Study/HLS/kung_lu_decom/kung_lu_decom.srcs/sim_1/new/lu_tb.vhd
Note: ps(0,2)=0
Time: 1500 ps  Iteration: 0  Process: /lu/monitor  File: D:/Materials/Study/HLS/kung_lu_decom/kung_lu_decom.srcs/sim_1/new/lu_tb.vhd
Note: ps(0,3)=0
Time: 1500 ps  Iteration: 0  Process: /lu/monitor  File: D:/Materials/Study/HLS/kung_lu_decom/kung_lu_decom.srcs/sim_1/new/lu_tb.vhd
Note: ps(1,0)=0
Time: 1500 ps  Iteration: 0  Process: /lu/monitor  File: D:/Materials/Study/HLS/kung_lu_decom/kung_lu_decom.srcs/sim_1/new/lu_tb.vhd
Note: ps(1,1)=288
Time: 1500 ps  Iteration: 0  Process: /lu/monitor  File: D:/Materials/Study/HLS/kung_lu_decom/kung_lu_decom.srcs/sim_1/new/lu_tb.vhd
Note: ps(1,2)=0
Time: 1500 ps  Iteration: 0  Process: /lu/monitor  File: D:/Materials/Study/HLS/kung_lu_decom/kung_lu_decom.srcs/sim_1/new/lu_tb.vhd
Note: ps(1,3)=0
Time: 1500 ps  Iteration: 0  Process: /lu/monitor  File: D:/Materials/Study/HLS/kung_lu_decom/kung_lu_decom.srcs/sim_1/new/lu_tb.vhd
Note: ps(2,0)=0
Time: 1500 ps  Iteration: 0  Process: /lu/monitor  File: D:/Materials/Study/HLS/kung_lu_decom/kung_lu_decom.srcs/sim_1/new/lu_tb.vhd
Note: ps(2,1)=0
Time: 1500 ps  Iteration: 0  Process: /lu/monitor  File: D:/Materials/Study/HLS/kung_lu_decom/kung_lu_decom.srcs/sim_1/new/lu_tb.vhd
Note: ps(2,2)=288
Time: 1500 ps  Iteration: 0  Process: /lu/monitor  File: D:/Materials/Study/HLS/kung_lu_decom/kung_lu_decom.srcs/sim_1/new/lu_tb.vhd
Note: ps(2,3)=0
Time: 1500 ps  Iteration: 0  Process: /lu/monitor  File: D:/Materials/Study/HLS/kung_lu_decom/kung_lu_decom.srcs/sim_1/new/lu_tb.vhd
Note: ps(3,0)=0
Time: 1500 ps  Iteration: 0  Process: /lu/monitor  File: D:/Materials/Study/HLS/kung_lu_decom/kung_lu_decom.srcs/sim_1/new/lu_tb.vhd
Note: ps(3,1)=0
Time: 1500 ps  Iteration: 0  Process: /lu/monitor  File: D:/Materials/Study/HLS/kung_lu_decom/kung_lu_decom.srcs/sim_1/new/lu_tb.vhd
Note: ps(3,2)=0
Time: 1500 ps  Iteration: 0  Process: /lu/monitor  File: D:/Materials/Study/HLS/kung_lu_decom/kung_lu_decom.srcs/sim_1/new/lu_tb.vhd
Note: ps(3,3)=288
Time: 1500 ps  Iteration: 0  Process: /lu/monitor  File: D:/Materials/Study/HLS/kung_lu_decom/kung_lu_decom.srcs/sim_1/new/lu_tb.vhd
Note: [cyc=16] reset='0'
Time: 1600 ps  Iteration: 0  Process: /lu/monitor  File: D:/Materials/Study/HLS/kung_lu_decom/kung_lu_decom.srcs/sim_1/new/lu_tb.vhd
Note: a(0)=0
Time: 1600 ps  Iteration: 0  Process: /lu/monitor  File: D:/Materials/Study/HLS/kung_lu_decom/kung_lu_decom.srcs/sim_1/new/lu_tb.vhd
Note: a(1)=0
Time: 1600 ps  Iteration: 0  Process: /lu/monitor  File: D:/Materials/Study/HLS/kung_lu_decom/kung_lu_decom.srcs/sim_1/new/lu_tb.vhd
Note: a(2)=0
Time: 1600 ps  Iteration: 0  Process: /lu/monitor  File: D:/Materials/Study/HLS/kung_lu_decom/kung_lu_decom.srcs/sim_1/new/lu_tb.vhd
Note: a(3)=288
Time: 1600 ps  Iteration: 0  Process: /lu/monitor  File: D:/Materials/Study/HLS/kung_lu_decom/kung_lu_decom.srcs/sim_1/new/lu_tb.vhd
Note: a(4)=0
Time: 1600 ps  Iteration: 0  Process: /lu/monitor  File: D:/Materials/Study/HLS/kung_lu_decom/kung_lu_decom.srcs/sim_1/new/lu_tb.vhd
Note: a(5)=0
Time: 1600 ps  Iteration: 0  Process: /lu/monitor  File: D:/Materials/Study/HLS/kung_lu_decom/kung_lu_decom.srcs/sim_1/new/lu_tb.vhd
Note: a(6)=0
Time: 1600 ps  Iteration: 0  Process: /lu/monitor  File: D:/Materials/Study/HLS/kung_lu_decom/kung_lu_decom.srcs/sim_1/new/lu_tb.vhd
Note: outputs L(1)=288
Time: 1600 ps  Iteration: 0  Process: /lu/monitor  File: D:/Materials/Study/HLS/kung_lu_decom/kung_lu_decom.srcs/sim_1/new/lu_tb.vhd
Note: outputs L(2)=0
Time: 1600 ps  Iteration: 0  Process: /lu/monitor  File: D:/Materials/Study/HLS/kung_lu_decom/kung_lu_decom.srcs/sim_1/new/lu_tb.vhd
Note: outputs L(3)=0
Time: 1600 ps  Iteration: 0  Process: /lu/monitor  File: D:/Materials/Study/HLS/kung_lu_decom/kung_lu_decom.srcs/sim_1/new/lu_tb.vhd
Note: outputs U(0)=288
Time: 1600 ps  Iteration: 0  Process: /lu/monitor  File: D:/Materials/Study/HLS/kung_lu_decom/kung_lu_decom.srcs/sim_1/new/lu_tb.vhd
Note: outputs U(1)=0
Time: 1600 ps  Iteration: 0  Process: /lu/monitor  File: D:/Materials/Study/HLS/kung_lu_decom/kung_lu_decom.srcs/sim_1/new/lu_tb.vhd
Note: outputs U(2)=0
Time: 1600 ps  Iteration: 0  Process: /lu/monitor  File: D:/Materials/Study/HLS/kung_lu_decom/kung_lu_decom.srcs/sim_1/new/lu_tb.vhd
Note: outputs U(3)=0
Time: 1600 ps  Iteration: 0  Process: /lu/monitor  File: D:/Materials/Study/HLS/kung_lu_decom/kung_lu_decom.srcs/sim_1/new/lu_tb.vhd
Note: ps(0,0)=288
Time: 1600 ps  Iteration: 0  Process: /lu/monitor  File: D:/Materials/Study/HLS/kung_lu_decom/kung_lu_decom.srcs/sim_1/new/lu_tb.vhd
Note: ps(0,1)=0
Time: 1600 ps  Iteration: 0  Process: /lu/monitor  File: D:/Materials/Study/HLS/kung_lu_decom/kung_lu_decom.srcs/sim_1/new/lu_tb.vhd
Note: ps(0,2)=0
Time: 1600 ps  Iteration: 0  Process: /lu/monitor  File: D:/Materials/Study/HLS/kung_lu_decom/kung_lu_decom.srcs/sim_1/new/lu_tb.vhd
Note: ps(0,3)=0
Time: 1600 ps  Iteration: 0  Process: /lu/monitor  File: D:/Materials/Study/HLS/kung_lu_decom/kung_lu_decom.srcs/sim_1/new/lu_tb.vhd
Note: ps(1,0)=0
Time: 1600 ps  Iteration: 0  Process: /lu/monitor  File: D:/Materials/Study/HLS/kung_lu_decom/kung_lu_decom.srcs/sim_1/new/lu_tb.vhd
Note: ps(1,1)=288
Time: 1600 ps  Iteration: 0  Process: /lu/monitor  File: D:/Materials/Study/HLS/kung_lu_decom/kung_lu_decom.srcs/sim_1/new/lu_tb.vhd
Note: ps(1,2)=0
Time: 1600 ps  Iteration: 0  Process: /lu/monitor  File: D:/Materials/Study/HLS/kung_lu_decom/kung_lu_decom.srcs/sim_1/new/lu_tb.vhd
Note: ps(1,3)=0
Time: 1600 ps  Iteration: 0  Process: /lu/monitor  File: D:/Materials/Study/HLS/kung_lu_decom/kung_lu_decom.srcs/sim_1/new/lu_tb.vhd
Note: ps(2,0)=0
Time: 1600 ps  Iteration: 0  Process: /lu/monitor  File: D:/Materials/Study/HLS/kung_lu_decom/kung_lu_decom.srcs/sim_1/new/lu_tb.vhd
Note: ps(2,1)=0
Time: 1600 ps  Iteration: 0  Process: /lu/monitor  File: D:/Materials/Study/HLS/kung_lu_decom/kung_lu_decom.srcs/sim_1/new/lu_tb.vhd
Note: ps(2,2)=288
Time: 1600 ps  Iteration: 0  Process: /lu/monitor  File: D:/Materials/Study/HLS/kung_lu_decom/kung_lu_decom.srcs/sim_1/new/lu_tb.vhd
Note: ps(2,3)=0
Time: 1600 ps  Iteration: 0  Process: /lu/monitor  File: D:/Materials/Study/HLS/kung_lu_decom/kung_lu_decom.srcs/sim_1/new/lu_tb.vhd
Note: ps(3,0)=0
Time: 1600 ps  Iteration: 0  Process: /lu/monitor  File: D:/Materials/Study/HLS/kung_lu_decom/kung_lu_decom.srcs/sim_1/new/lu_tb.vhd
Note: ps(3,1)=0
Time: 1600 ps  Iteration: 0  Process: /lu/monitor  File: D:/Materials/Study/HLS/kung_lu_decom/kung_lu_decom.srcs/sim_1/new/lu_tb.vhd
Note: ps(3,2)=0
Time: 1600 ps  Iteration: 0  Process: /lu/monitor  File: D:/Materials/Study/HLS/kung_lu_decom/kung_lu_decom.srcs/sim_1/new/lu_tb.vhd
Note: ps(3,3)=288
Time: 1600 ps  Iteration: 0  Process: /lu/monitor  File: D:/Materials/Study/HLS/kung_lu_decom/kung_lu_decom.srcs/sim_1/new/lu_tb.vhd
